

================================================================
== Vivado HLS Report for 'MadgwickAHRSupdate'
================================================================
* Date:           Tue Dec  5 11:59:00 2017

* Version:        2017.3.1 (Build 2033595 on Fri Oct 20 14:40:16 MDT 2017)
* Project:        MadgwickAHRS
* Solution:       solution2
* Product family: zynq
* Target device:  xc7z020clg400-1


================================================================
== Performance Estimates
================================================================
+ Timing (ns): 
    * Summary: 
    +--------+-------+----------+------------+
    |  Clock | Target| Estimated| Uncertainty|
    +--------+-------+----------+------------+
    |ap_clk  |   5.00|      6.67|        0.62|
    +--------+-------+----------+------------+

+ Latency (clock cycles): 
    * Summary: 
    +-----+-----+-----+-----+---------+
    |  Latency  |  Interval | Pipeline|
    | min | max | min | max |   Type  |
    +-----+-----+-----+-----+---------+
    |  184|  732|  185|  733|   none  |
    +-----+-----+-----+-----+---------+

    + Detail: 
        * Instance: 
        +---------------------------------+----------------------+-----+-----+-----+-----+----------+
        |                                 |                      |  Latency  |  Interval | Pipeline |
        |             Instance            |        Module        | min | max | min | max |   Type   |
        +---------------------------------+----------------------+-----+-----+-----+-----+----------+
        |grp_MadgwickAHRSupdateIM_fu_287  |MadgwickAHRSupdateIM  |  178|  502|  178|  502|   none   |
        |grp_feedbackStep_fu_299          |feedbackStep          |   13|   13|    1|    1| function |
        |grp_normalise_1_fu_312           |normalise_1           |  113|  113|  113|  113|   none   |
        |grp_normalise_fu_320             |normalise             |  118|  118|  118|  118|   none   |
        |grp_integrateQdot_fu_328         |integrateQdot         |   16|   16|   10|   10| function |
        +---------------------------------+----------------------+-----+-----+-----+-----+----------+

        * Loop: 
        N/A



================================================================
== Utilization Estimates
================================================================
* Summary: 
+-----------------+---------+-------+--------+-------+
|       Name      | BRAM_18K| DSP48E|   FF   |  LUT  |
+-----------------+---------+-------+--------+-------+
|DSP              |        -|      -|       -|      -|
|Expression       |        -|      -|       0|    526|
|FIFO             |        -|      -|       -|      -|
|Instance         |        0|    158|   19560|  30331|
|Memory           |        2|      -|       0|      0|
|Multiplexer      |        -|      -|       -|   3209|
|Register         |        -|      -|    2497|      -|
+-----------------+---------+-------+--------+-------+
|Total            |        2|    158|   22057|  34066|
+-----------------+---------+-------+--------+-------+
|Available        |      280|    220|  106400|  53200|
+-----------------+---------+-------+--------+-------+
|Utilization (%)  |    ~0   |     71|      20|     64|
+-----------------+---------+-------+--------+-------+

+ Detail: 
    * Instance: 
    +---------------------------------+----------------------+---------+-------+------+-------+
    |             Instance            |        Module        | BRAM_18K| DSP48E|  FF  |  LUT  |
    +---------------------------------+----------------------+---------+-------+------+-------+
    |MadgwickAHRSupdatbkb_U62         |MadgwickAHRSupdatbkb  |        0|      2|   324|    424|
    |MadgwickAHRSupdatbkb_U63         |MadgwickAHRSupdatbkb  |        0|      2|   324|    424|
    |MadgwickAHRSupdatbkb_U64         |MadgwickAHRSupdatbkb  |        0|      2|   324|    424|
    |MadgwickAHRSupdatbkb_U65         |MadgwickAHRSupdatbkb  |        0|      2|   324|    424|
    |MadgwickAHRSupdatbkb_U66         |MadgwickAHRSupdatbkb  |        0|      2|   324|    424|
    |MadgwickAHRSupdatcud_U69         |MadgwickAHRSupdatcud  |        0|      3|   151|    325|
    |MadgwickAHRSupdatcud_U70         |MadgwickAHRSupdatcud  |        0|      3|   151|    325|
    |MadgwickAHRSupdatcud_U71         |MadgwickAHRSupdatcud  |        0|      3|   151|    325|
    |MadgwickAHRSupdatcud_U72         |MadgwickAHRSupdatcud  |        0|      3|   151|    325|
    |MadgwickAHRSupdatcud_U73         |MadgwickAHRSupdatcud  |        0|      3|   151|    325|
    |MadgwickAHRSupdatcud_U74         |MadgwickAHRSupdatcud  |        0|      3|   151|    325|
    |MadgwickAHRSupdatcud_U75         |MadgwickAHRSupdatcud  |        0|      3|   151|    325|
    |MadgwickAHRSupdatcud_U76         |MadgwickAHRSupdatcud  |        0|      3|   151|    325|
    |MadgwickAHRSupdatcud_U77         |MadgwickAHRSupdatcud  |        0|      3|   151|    325|
    |MadgwickAHRSupdatcud_U78         |MadgwickAHRSupdatcud  |        0|      3|   151|    325|
    |MadgwickAHRSupdatdEe_U79         |MadgwickAHRSupdatdEe  |        0|      0|    75|    248|
    |grp_MadgwickAHRSupdateIM_fu_287  |MadgwickAHRSupdateIM  |        0|     79|  9800|  15530|
    |MadgwickAHRSupdateOg_U68         |MadgwickAHRSupdateOg  |        0|      2|   324|    424|
    |MadgwickAHRSupdatfYi_U67         |MadgwickAHRSupdatfYi  |        0|      2|   324|    424|
    |MadgwickAHRSupdathbi_U80         |MadgwickAHRSupdathbi  |        0|      0|   832|    657|
    |grp_feedbackStep_fu_299          |feedbackStep          |        0|     20|  2412|   3124|
    |grp_integrateQdot_fu_328         |integrateQdot         |        0|      5|   711|    956|
    |grp_normalise_fu_320             |normalise             |        0|      5|   932|   1738|
    |grp_normalise_1_fu_312           |normalise_1           |        0|      5|  1020|   1860|
    +---------------------------------+----------------------+---------+-------+------+-------+
    |Total                            |                      |        0|    158| 19560|  30331|
    +---------------------------------+----------------------+---------+-------+------+-------+

    * DSP48: 
    N/A

    * Memory: 
    +-------+----------------------+---------+---+----+------+-----+------+-------------+
    | Memory|        Module        | BRAM_18K| FF| LUT| Words| Bits| Banks| W*Bits*Banks|
    +-------+----------------------+---------+---+----+------+-----+------+-------------+
    |q_U    |MadgwickAHRSupdatg8j  |        2|  0|   0|     4|   32|     1|          128|
    +-------+----------------------+---------+---+----+------+-----+------+-------------+
    |Total  |                      |        2|  0|   0|     4|   32|     1|          128|
    +-------+----------------------+---------+---+----+------+-----+------+-------------+

    * FIFO: 
    N/A

    * Expression: 
    +-----------------------------------+----------+-------+---+----+------------+------------+
    |           Variable Name           | Operation| DSP48E| FF| LUT| Bitwidth P0| Bitwidth P1|
    +-----------------------------------+----------+-------+---+----+------------+------------+
    |ap_block_state266_on_subcall_done  |    and   |      0|  0|   8|           1|           1|
    |tmp_232_fu_826_p2                  |    and   |      0|  0|   8|           1|           1|
    |tmp_237_fu_866_p2                  |    and   |      0|  0|   8|           1|           1|
    |tmp_242_fu_906_p2                  |    and   |      0|  0|   8|           1|           1|
    |tmp_247_fu_960_p2                  |    and   |      0|  0|   8|           1|           1|
    |tmp_252_fu_1000_p2                 |    and   |      0|  0|   8|           1|           1|
    |tmp_257_fu_1040_p2                 |    and   |      0|  0|   8|           1|           1|
    |notlhs1_fu_850_p2                  |   icmp   |      0|  0|  11|           8|           2|
    |notlhs2_fu_890_p2                  |   icmp   |      0|  0|  11|           8|           2|
    |notlhs3_fu_1024_p2                 |   icmp   |      0|  0|  11|           8|           2|
    |notlhs6_fu_944_p2                  |   icmp   |      0|  0|  11|           8|           2|
    |notlhs8_fu_984_p2                  |   icmp   |      0|  0|  11|           8|           2|
    |notlhs_fu_810_p2                   |   icmp   |      0|  0|  11|           8|           2|
    |notrhs1_fu_856_p2                  |   icmp   |      0|  0|  18|          23|           1|
    |notrhs2_fu_896_p2                  |   icmp   |      0|  0|  18|          23|           1|
    |notrhs3_fu_1030_p2                 |   icmp   |      0|  0|  18|          23|           1|
    |notrhs7_fu_950_p2                  |   icmp   |      0|  0|  18|          23|           1|
    |notrhs9_fu_990_p2                  |   icmp   |      0|  0|  18|          23|           1|
    |notrhs_fu_816_p2                   |   icmp   |      0|  0|  18|          23|           1|
    |ap_predicate_op1780_call_state266  |    or    |      0|  0|   8|           1|           1|
    |tmp_235_fu_862_p2                  |    or    |      0|  0|   8|           1|           1|
    |tmp_240_fu_902_p2                  |    or    |      0|  0|   8|           1|           1|
    |tmp_245_fu_956_p2                  |    or    |      0|  0|   8|           1|           1|
    |tmp_250_fu_996_p2                  |    or    |      0|  0|   8|           1|           1|
    |tmp_255_fu_1036_p2                 |    or    |      0|  0|   8|           1|           1|
    |tmp_87_fu_822_p2                   |    or    |      0|  0|   8|           1|           1|
    |tmp_144_neg_fu_1050_p2             |    xor   |      0|  0|  40|          32|          33|
    |tmp_160_neg_fu_1064_p2             |    xor   |      0|  0|  40|          32|          33|
    |tmp_180_neg_fu_1106_p2             |    xor   |      0|  0|  40|          32|          33|
    |tmp_225_neg_fu_1074_p2             |    xor   |      0|  0|  40|          32|          33|
    |tmp_232_neg_fu_1092_p2             |    xor   |      0|  0|  40|          32|          33|
    |tmp_82_neg_fu_916_p2               |    xor   |      0|  0|  40|          32|          33|
    +-----------------------------------+----------+-------+---+----+------------+------------+
    |Total                              |          |      0|  0| 526|         392|         230|
    +-----------------------------------+----------+-------+---+----+------------+------------+

    * Multiplexer: 
    +------------------------------------+------+-----------+-----+-----------+
    |                Name                |  LUT | Input Size| Bits| Total Bits|
    +------------------------------------+------+-----------+-----+-----------+
    |a_address0                          |    41|          8|    2|         16|
    |a_address1                          |    15|          3|    2|          6|
    |a_ce0                               |    21|          4|    1|          4|
    |a_d0                                |    21|          4|   32|        128|
    |a_we0                               |    21|          4|    1|          4|
    |ap_NS_fsm                           |  1217|        268|    1|        268|
    |ap_phi_mux_qDot_1_15_phi_fu_270_p4  |     9|          2|   32|         64|
    |ap_phi_mux_qDot_2_14_phi_fu_260_p4  |     9|          2|   32|         64|
    |ap_phi_mux_qDot_3_13_phi_fu_250_p4  |     9|          2|   32|         64|
    |ap_phi_mux_qDot_phi_fu_280_p4       |     9|          2|   32|         64|
    |g_address0                          |    27|          5|    2|         10|
    |g_address1                          |    15|          3|    2|          6|
    |g_ce0                               |    15|          3|    1|          3|
    |g_ce1                               |    15|          3|    1|          3|
    |grp_fu_342_opcode                   |    15|          3|    2|          6|
    |grp_fu_342_p0                       |    53|         12|   32|        384|
    |grp_fu_342_p1                       |    56|         13|   32|        416|
    |grp_fu_346_opcode                   |    15|          3|    2|          6|
    |grp_fu_346_p0                       |    44|          9|   32|        288|
    |grp_fu_346_p1                       |    59|         14|   32|        448|
    |grp_fu_350_opcode                   |    15|          3|    2|          6|
    |grp_fu_350_p0                       |    47|         10|   32|        320|
    |grp_fu_350_p1                       |    50|         11|   32|        352|
    |grp_fu_354_opcode                   |    15|          3|    2|          6|
    |grp_fu_354_p0                       |    38|          7|   32|        224|
    |grp_fu_354_p1                       |    44|          9|   32|        288|
    |grp_fu_361_opcode                   |    15|          3|    2|          6|
    |grp_fu_361_p0                       |    21|          4|   32|        128|
    |grp_fu_361_p1                       |    21|          4|   32|        128|
    |grp_fu_365_p0                       |    15|          3|   32|         96|
    |grp_fu_365_p1                       |    15|          3|   32|         96|
    |grp_fu_377_p0                       |    89|         18|   32|        576|
    |grp_fu_377_p1                       |    97|         20|   32|        640|
    |grp_fu_381_p0                       |    59|         14|   32|        448|
    |grp_fu_381_p1                       |    85|         17|   32|        544|
    |grp_fu_385_p0                       |    50|         11|   32|        352|
    |grp_fu_385_p1                       |    53|         12|   32|        384|
    |grp_fu_389_p0                       |    50|         11|   32|        352|
    |grp_fu_389_p1                       |    53|         12|   32|        384|
    |grp_fu_393_p0                       |    44|          9|   32|        288|
    |grp_fu_393_p1                       |    44|          9|   32|        288|
    |grp_fu_397_p0                       |    38|          7|   32|        224|
    |grp_fu_397_p1                       |    38|          7|   32|        224|
    |grp_fu_401_p0                       |    33|          6|   32|        192|
    |grp_fu_401_p1                       |    33|          6|   32|        192|
    |grp_fu_405_p0                       |    27|          5|   32|        160|
    |grp_fu_405_p1                       |    27|          5|   32|        160|
    |grp_fu_427_p0                       |    15|          3|   32|         96|
    |grp_normalise_fu_320_in_r_q0        |    21|          4|   32|        128|
    |m_address0                          |    33|          6|    2|         12|
    |m_address1                          |    21|          4|    2|          8|
    |m_ce0                               |    15|          3|    1|          3|
    |m_d0                                |    15|          3|   32|         96|
    |m_we0                               |    15|          3|    1|          3|
    |qDot_1_15_reg_267                   |     9|          2|   32|         64|
    |qDot_2_14_reg_257                   |     9|          2|   32|         64|
    |qDot_3_13_reg_247                   |     9|          2|   32|         64|
    |qDot_reg_277                        |     9|          2|   32|         64|
    |q_address0                          |    38|          7|    2|         14|
    |q_address1                          |    33|          6|    2|         12|
    |q_ce0                               |    27|          5|    1|          5|
    |q_ce1                               |    21|          4|    1|          4|
    |q_d0                                |    21|          4|   32|        128|
    |q_d1                                |    15|          3|   32|         96|
    |q_we0                               |    21|          4|    1|          4|
    |q_we1                               |    15|          3|    1|          3|
    |reg_437                             |     9|          2|   32|         64|
    |reg_446                             |     9|          2|   32|         64|
    |reg_459                             |     9|          2|   32|         64|
    |reg_473                             |     9|          2|   32|         64|
    |reg_605                             |     9|          2|   32|         64|
    +------------------------------------+------+-----------+-----+-----------+
    |Total                               |  3209|        676| 1541|      10498|
    +------------------------------------+------+-----------+-----+-----------+

    * Register: 
    +-------------------------------------------------+-----+----+-----+-----------+
    |                       Name                      |  FF | LUT| Bits| Const Bits|
    +-------------------------------------------------+-----+----+-----+-----------+
    |a_load_9_reg_1376                                |   32|   0|   32|          0|
    |ap_CS_fsm                                        |  267|   0|  267|          0|
    |ap_reg_grp_MadgwickAHRSupdateIM_fu_287_ap_start  |    1|   0|    1|          0|
    |ap_reg_grp_integrateQdot_fu_328_ap_start         |    1|   0|    1|          0|
    |ap_reg_grp_normalise_1_fu_312_ap_start           |    1|   0|    1|          0|
    |ap_reg_grp_normalise_fu_320_ap_start             |    1|   0|    1|          0|
    |beta                                             |    0|   0|   32|         32|
    |g_load_3_reg_1237                                |   32|   0|   32|          0|
    |g_load_4_reg_1244                                |   32|   0|   32|          0|
    |g_load_reg_1215                                  |   32|   0|   32|          0|
    |m_load_4_reg_1319                                |   32|   0|   32|          0|
    |m_load_5_reg_1354                                |   32|   0|   32|          0|
    |notlhs1_reg_1177                                 |    1|   0|    1|          0|
    |notlhs2_reg_1196                                 |    1|   0|    1|          0|
    |notlhs3_reg_1300                                 |    1|   0|    1|          0|
    |notlhs6_reg_1262                                 |    1|   0|    1|          0|
    |notlhs8_reg_1281                                 |    1|   0|    1|          0|
    |notlhs_reg_1158                                  |    1|   0|    1|          0|
    |notrhs1_reg_1182                                 |    1|   0|    1|          0|
    |notrhs2_reg_1201                                 |    1|   0|    1|          0|
    |notrhs3_reg_1305                                 |    1|   0|    1|          0|
    |notrhs7_reg_1267                                 |    1|   0|    1|          0|
    |notrhs9_reg_1286                                 |    1|   0|    1|          0|
    |notrhs_reg_1163                                  |    1|   0|    1|          0|
    |p_2bx_reg_1381                                   |   32|   0|   32|          0|
    |p_2q1_reg_1364                                   |   32|   0|   32|          0|
    |qDot_0_2_reg_1476                                |   32|   0|   32|          0|
    |qDot_1_15_reg_267                                |   32|   0|   32|          0|
    |qDot_1_2_reg_1481                                |   32|   0|   32|          0|
    |qDot_2_14_reg_257                                |   32|   0|   32|          0|
    |qDot_2_2_reg_1486                                |   32|   0|   32|          0|
    |qDot_3_13_reg_247                                |   32|   0|   32|          0|
    |qDot_3_2_reg_1491                                |   32|   0|   32|          0|
    |qDot_reg_277                                     |   32|   0|   32|          0|
    |q_load_13_reg_1328                               |   32|   0|   32|          0|
    |reg_437                                          |   32|   0|   32|          0|
    |reg_446                                          |   32|   0|   32|          0|
    |reg_459                                          |   32|   0|   32|          0|
    |reg_473                                          |   32|   0|   32|          0|
    |reg_487                                          |   32|   0|   32|          0|
    |reg_495                                          |   32|   0|   32|          0|
    |reg_503                                          |   32|   0|   32|          0|
    |reg_511                                          |   32|   0|   32|          0|
    |reg_519                                          |   32|   0|   32|          0|
    |reg_527                                          |   32|   0|   32|          0|
    |reg_534                                          |   32|   0|   32|          0|
    |reg_542                                          |   32|   0|   32|          0|
    |reg_548                                          |   32|   0|   32|          0|
    |reg_565                                          |   32|   0|   32|          0|
    |reg_580                                          |   32|   0|   32|          0|
    |reg_594                                          |   32|   0|   32|          0|
    |reg_605                                          |   32|   0|   32|          0|
    |reg_613                                          |   32|   0|   32|          0|
    |reg_622                                          |   32|   0|   32|          0|
    |reg_633                                          |   32|   0|   32|          0|
    |reg_647                                          |   32|   0|   32|          0|
    |reg_657                                          |   32|   0|   32|          0|
    |reg_667                                          |   32|   0|   32|          0|
    |reg_674                                          |   32|   0|   32|          0|
    |reg_682                                          |   32|   0|   32|          0|
    |reg_697                                          |   32|   0|   32|          0|
    |reg_704                                          |   32|   0|   32|          0|
    |reg_713                                          |   32|   0|   32|          0|
    |reg_719                                          |   32|   0|   32|          0|
    |reg_728                                          |   32|   0|   32|          0|
    |reg_734                                          |   32|   0|   32|          0|
    |reg_741                                          |   32|   0|   32|          0|
    |reg_748                                          |   32|   0|   32|          0|
    |reg_754                                          |   32|   0|   32|          0|
    |reg_759                                          |   32|   0|   32|          0|
    |reg_766                                          |   32|   0|   32|          0|
    |reg_773                                          |   32|   0|   32|          0|
    |reg_780                                          |   32|   0|   32|          0|
    |reg_786                                          |   32|   0|   32|          0|
    |tmp_144_neg_reg_1339                             |   32|   0|   32|          0|
    |tmp_160_neg_reg_1404                             |   32|   0|   32|          0|
    |tmp_173_reg_1394                                 |   32|   0|   32|          0|
    |tmp_180_neg_reg_1445                             |   32|   0|   32|          0|
    |tmp_193_reg_1471                                 |   32|   0|   32|          0|
    |tmp_202_reg_1429                                 |   32|   0|   32|          0|
    |tmp_210_reg_1466                                 |   32|   0|   32|          0|
    |tmp_217_reg_1456                                 |   32|   0|   32|          0|
    |tmp_220_reg_1440                                 |   32|   0|   32|          0|
    |tmp_225_neg_reg_1409                             |   32|   0|   32|          0|
    |tmp_227_reg_1461                                 |   32|   0|   32|          0|
    |tmp_232_neg_reg_1424                             |   32|   0|   32|          0|
    |tmp_232_reg_1168                                 |    1|   0|    1|          0|
    |tmp_237_reg_1187                                 |    1|   0|    1|          0|
    |tmp_242_reg_1206                                 |    1|   0|    1|          0|
    |tmp_247_reg_1272                                 |    1|   0|    1|          0|
    |tmp_252_reg_1291                                 |    1|   0|    1|          0|
    |tmp_257_reg_1310                                 |    1|   0|    1|          0|
    |tmp_82_neg_reg_1232                              |   32|   0|   32|          0|
    +-------------------------------------------------+-----+----+-----+-----------+
    |Total                                            | 2497|   0| 2529|         32|
    +-------------------------------------------------+-----+----+-----+-----------+



================================================================
== Interface
================================================================
* Summary: 
+------------+-----+-----+------------+--------------------+--------------+
|  RTL Ports | Dir | Bits|  Protocol  |    Source Object   |    C Type    |
+------------+-----+-----+------------+--------------------+--------------+
|ap_clk      |  in |    1| ap_ctrl_hs | MadgwickAHRSupdate | return value |
|ap_rst      |  in |    1| ap_ctrl_hs | MadgwickAHRSupdate | return value |
|ap_start    |  in |    1| ap_ctrl_hs | MadgwickAHRSupdate | return value |
|ap_done     | out |    1| ap_ctrl_hs | MadgwickAHRSupdate | return value |
|ap_idle     | out |    1| ap_ctrl_hs | MadgwickAHRSupdate | return value |
|ap_ready    | out |    1| ap_ctrl_hs | MadgwickAHRSupdate | return value |
|g_address0  | out |    2|  ap_memory |          g         |     array    |
|g_ce0       | out |    1|  ap_memory |          g         |     array    |
|g_we0       | out |    1|  ap_memory |          g         |     array    |
|g_d0        | out |   32|  ap_memory |          g         |     array    |
|g_q0        |  in |   32|  ap_memory |          g         |     array    |
|g_address1  | out |    2|  ap_memory |          g         |     array    |
|g_ce1       | out |    1|  ap_memory |          g         |     array    |
|g_q1        |  in |   32|  ap_memory |          g         |     array    |
|a_address0  | out |    2|  ap_memory |          a         |     array    |
|a_ce0       | out |    1|  ap_memory |          a         |     array    |
|a_we0       | out |    1|  ap_memory |          a         |     array    |
|a_d0        | out |   32|  ap_memory |          a         |     array    |
|a_q0        |  in |   32|  ap_memory |          a         |     array    |
|a_address1  | out |    2|  ap_memory |          a         |     array    |
|a_ce1       | out |    1|  ap_memory |          a         |     array    |
|a_q1        |  in |   32|  ap_memory |          a         |     array    |
|m_address0  | out |    2|  ap_memory |          m         |     array    |
|m_ce0       | out |    1|  ap_memory |          m         |     array    |
|m_we0       | out |    1|  ap_memory |          m         |     array    |
|m_d0        | out |   32|  ap_memory |          m         |     array    |
|m_q0        |  in |   32|  ap_memory |          m         |     array    |
|m_address1  | out |    2|  ap_memory |          m         |     array    |
|m_ce1       | out |    1|  ap_memory |          m         |     array    |
|m_q1        |  in |   32|  ap_memory |          m         |     array    |
+------------+-----+-----+------------+--------------------+--------------+

