#
# An unexpected error has occurred (11)
#
Stack:
/lib/x86_64-linux-gnu/libc.so.6(+0x354b0) [0x7f20c96664b0]
/opt/Xilinx/Vivado/2017.3/lib/lnx64.o/libhls_hwsyn.so(pass::ArrayPartition::cloneIndexScalarEvolution(llvm::ValueMap<llvm::Value const*, llvm::WeakVH, llvm::ValueMapConfig<llvm::Value const*> >&)+0x1f4) [0x7f20b69d6114]
/opt/Xilinx/Vivado/2017.3/lib/lnx64.o/libhls_hwsyn.so(pass::ArrayPartition::createOrFindFunc(llvm::Function*, std::vector<pass::ArrayPartitionInfo, std::allocator<pass::ArrayPartitionInfo> >&, std::vector<llvm::Value*, std::allocator<llvm::Value*> >&)+0x1f3f) [0x7f20b69e2e6f]
/opt/Xilinx/Vivado/2017.3/lib/lnx64.o/libhls_hwsyn.so(pass::ArrayPartition::updateFunctionArg(llvm::Instruction*, llvm::Function*)+0x7b2) [0x7f20b69e46d2]
/opt/Xilinx/Vivado/2017.3/lib/lnx64.o/libhls_hwsyn.so(pass::ArrayPartition::runOnModule(llvm::Module&)+0x3be) [0x7f20b69e589e]
/opt/Xilinx/Vivado/2017.3/lib/lnx64.o/libLLVM-3.1.so(llvm::MPPassManager::runOnModule(llvm::Module&)+0x182) [0x7f20b7d41e92]
/opt/Xilinx/Vivado/2017.3/lib/lnx64.o/libLLVM-3.1.so(llvm::PassManagerImpl::run(llvm::Module&)+0xac) [0x7f20b7d4204c]
/opt/Xilinx/Vivado/2017.3/lib/lnx64.o/libhls_main.so(+0x15fcfa) [0x7f20b9260cfa]
/opt/Xilinx/Vivado/2017.3/lib/lnx64.o/libhls_support.so(xpcl::TclCommand::callback(int, Tcl_Obj* const*)+0x158b) [0x7f20b8ebb7db]
/opt/Xilinx/Vivado/2017.3/lib/lnx64.o/libhls_support.so(+0x6cf12) [0x7f20b8ebbf12]
/opt/Xilinx/Vivado/2017.3/lib/lnx64.o/libtcl8.5.so(+0x334af) [0x7f20c51d04af]
/opt/Xilinx/Vivado/2017.3/lib/lnx64.o/libtcl8.5.so(+0x76875) [0x7f20c5213875]
/opt/Xilinx/Vivado/2017.3/lib/lnx64.o/libtcl8.5.so(+0x7e029) [0x7f20c521b029]
/opt/Xilinx/Vivado/2017.3/lib/lnx64.o/libtcl8.5.so(TclEvalObjEx+0x76) [0x7f20c51d2156]
/opt/Xilinx/Vivado/2017.3/lib/lnx64.o/librdi_commontasks.so(+0x1b2297) [0x7f20bba1a297]
/opt/Xilinx/Vivado/2017.3/lib/lnx64.o/libtcl8.5.so(+0x334af) [0x7f20c51d04af]
/opt/Xilinx/Vivado/2017.3/lib/lnx64.o/libtcl8.5.so(+0x76875) [0x7f20c5213875]
/opt/Xilinx/Vivado/2017.3/lib/lnx64.o/libtcl8.5.so(TclObjInterpProcCore+0x420) [0x7f20c5254df0]
/opt/Xilinx/Vivado/2017.3/lib/lnx64.o/libtcl8.5.so(+0x334af) [0x7f20c51d04af]
/opt/Xilinx/Vivado/2017.3/lib/lnx64.o/libtcl8.5.so(+0x76875) [0x7f20c5213875]
/opt/Xilinx/Vivado/2017.3/lib/lnx64.o/libtcl8.5.so(+0x7e029) [0x7f20c521b029]
/opt/Xilinx/Vivado/2017.3/lib/lnx64.o/libtcl8.5.so(TclEvalObjEx+0x76) [0x7f20c51d2156]
/opt/Xilinx/Vivado/2017.3/lib/lnx64.o/librdi_commontasks.so(+0x1b2297) [0x7f20bba1a297]
/opt/Xilinx/Vivado/2017.3/lib/lnx64.o/libtcl8.5.so(+0x334af) [0x7f20c51d04af]
/opt/Xilinx/Vivado/2017.3/lib/lnx64.o/libtcl8.5.so(+0x76875) [0x7f20c5213875]
/opt/Xilinx/Vivado/2017.3/lib/lnx64.o/libtcl8.5.so(TclObjInterpProcCore+0x420) [0x7f20c5254df0]
/opt/Xilinx/Vivado/2017.3/lib/lnx64.o/libtcl8.5.so(+0x334af) [0x7f20c51d04af]
/opt/Xilinx/Vivado/2017.3/lib/lnx64.o/libtcl8.5.so(+0x76875) [0x7f20c5213875]
/opt/Xilinx/Vivado/2017.3/lib/lnx64.o/libtcl8.5.so(TclObjInterpProcCore+0x420) [0x7f20c5254df0]
/opt/Xilinx/Vivado/2017.3/lib/lnx64.o/libtcl8.5.so(+0x334af) [0x7f20c51d04af]
/opt/Xilinx/Vivado/2017.3/lib/lnx64.o/libtcl8.5.so(+0x76875) [0x7f20c5213875]
/opt/Xilinx/Vivado/2017.3/lib/lnx64.o/libtcl8.5.so(+0x7e029) [0x7f20c521b029]
/opt/Xilinx/Vivado/2017.3/lib/lnx64.o/libtcl8.5.so(TclEvalObjEx+0x76) [0x7f20c51d2156]
/opt/Xilinx/Vivado/2017.3/lib/lnx64.o/librdi_commontasks.so(+0x1b2297) [0x7f20bba1a297]
/opt/Xilinx/Vivado/2017.3/lib/lnx64.o/libtcl8.5.so(+0x334af) [0x7f20c51d04af]
/opt/Xilinx/Vivado/2017.3/lib/lnx64.o/libtcl8.5.so(+0x34b38) [0x7f20c51d1b38]
/opt/Xilinx/Vivado/2017.3/lib/lnx64.o/libtcl8.5.so(+0xad486) [0x7f20c524a486]
/opt/Xilinx/Vivado/2017.3/lib/lnx64.o/libtcl8.5.so(+0x346c5) [0x7f20c51d16c5]
/opt/Xilinx/Vivado/2017.3/lib/lnx64.o/libtcl8.5.so(Tcl_EvalEx+0x13) [0x7f20c51d20a3]
/opt/Xilinx/Vivado/2017.3/lib/lnx64.o/libtcl8.5.so(Tcl_Eval+0x15) [0x7f20c51d20c5]
/opt/Xilinx/Vivado/2017.3/lib/lnx64.o/libhls_main.so(+0x1286c0) [0x7f20b92296c0]
/opt/Xilinx/Vivado/2017.3/lib/lnx64.o/libhls_support.so(xpcl::TclCommand::callback(int, Tcl_Obj* const*)+0xbde) [0x7f20b8ebae2e]
/opt/Xilinx/Vivado/2017.3/lib/lnx64.o/libhls_support.so(+0x6cf12) [0x7f20b8ebbf12]
/opt/Xilinx/Vivado/2017.3/lib/lnx64.o/libtcl8.5.so(+0x334af) [0x7f20c51d04af]
/opt/Xilinx/Vivado/2017.3/lib/lnx64.o/libtcl8.5.so(+0x76875) [0x7f20c5213875]
/opt/Xilinx/Vivado/2017.3/lib/lnx64.o/libtcl8.5.so(TclObjInterpProcCore+0x420) [0x7f20c5254df0]
/opt/Xilinx/Vivado/2017.3/lib/lnx64.o/libtcl8.5.so(+0x334af) [0x7f20c51d04af]
/opt/Xilinx/Vivado/2017.3/lib/lnx64.o/libtcl8.5.so(+0x76875) [0x7f20c5213875]
/opt/Xilinx/Vivado/2017.3/lib/lnx64.o/libtcl8.5.so(+0x7e029) [0x7f20c521b029]
/opt/Xilinx/Vivado/2017.3/lib/lnx64.o/libtcl8.5.so(TclEvalObjEx+0x76) [0x7f20c51d2156]
/opt/Xilinx/Vivado/2017.3/lib/lnx64.o/librdi_commontasks.so(+0x1b2297) [0x7f20bba1a297]
/opt/Xilinx/Vivado/2017.3/lib/lnx64.o/libtcl8.5.so(+0x334af) [0x7f20c51d04af]
/opt/Xilinx/Vivado/2017.3/lib/lnx64.o/libtcl8.5.so(+0x34b38) [0x7f20c51d1b38]
/opt/Xilinx/Vivado/2017.3/lib/lnx64.o/libtcl8.5.so(+0xad486) [0x7f20c524a486]
/opt/Xilinx/Vivado/2017.3/lib/lnx64.o/libtcl8.5.so(+0x346c5) [0x7f20c51d16c5]
/opt/Xilinx/Vivado/2017.3/lib/lnx64.o/libtcl8.5.so(Tcl_EvalEx+0x13) [0x7f20c51d20a3]
/opt/Xilinx/Vivado/2017.3/lib/lnx64.o/libtcl8.5.so(Tcl_Eval+0x15) [0x7f20c51d20c5]
/opt/Xilinx/Vivado/2017.3/lib/lnx64.o/libhls_main.so(+0x1286c0) [0x7f20b92296c0]
/opt/Xilinx/Vivado/2017.3/lib/lnx64.o/libhls_support.so(xpcl::TclCommand::callback(int, Tcl_Obj* const*)+0xbde) [0x7f20b8ebae2e]
/opt/Xilinx/Vivado/2017.3/lib/lnx64.o/libhls_support.so(+0x6cf12) [0x7f20b8ebbf12]
/opt/Xilinx/Vivado/2017.3/lib/lnx64.o/libtcl8.5.so(+0x334af) [0x7f20c51d04af]
/opt/Xilinx/Vivado/2017.3/lib/lnx64.o/libtcl8.5.so(+0x76875) [0x7f20c5213875]
/opt/Xilinx/Vivado/2017.3/lib/lnx64.o/libtcl8.5.so(TclObjInterpProcCore+0x420) [0x7f20c5254df0]
/opt/Xilinx/Vivado/2017.3/lib/lnx64.o/libtcl8.5.so(+0x334af) [0x7f20c51d04af]
/opt/Xilinx/Vivado/2017.3/lib/lnx64.o/libtcl8.5.so(+0x76875) [0x7f20c5213875]
/opt/Xilinx/Vivado/2017.3/lib/lnx64.o/libtcl8.5.so(+0x7e029) [0x7f20c521b029]
/opt/Xilinx/Vivado/2017.3/lib/lnx64.o/libtcl8.5.so(TclEvalObjEx+0x76) [0x7f20c51d2156]
/opt/Xilinx/Vivado/2017.3/lib/lnx64.o/librdi_commontasks.so(+0x1b2297) [0x7f20bba1a297]
/opt/Xilinx/Vivado/2017.3/lib/lnx64.o/libtcl8.5.so(+0x334af) [0x7f20c51d04af]
/opt/Xilinx/Vivado/2017.3/lib/lnx64.o/libtcl8.5.so(+0x34b38) [0x7f20c51d1b38]
/opt/Xilinx/Vivado/2017.3/lib/lnx64.o/libtcl8.5.so(+0xad486) [0x7f20c524a486]
/opt/Xilinx/Vivado/2017.3/lib/lnx64.o/libtcl8.5.so(+0x346c5) [0x7f20c51d16c5]
/opt/Xilinx/Vivado/2017.3/lib/lnx64.o/libtcl8.5.so(Tcl_EvalEx+0x13) [0x7f20c51d20a3]
/opt/Xilinx/Vivado/2017.3/lib/lnx64.o/libtcl8.5.so(Tcl_Eval+0x15) [0x7f20c51d20c5]
/opt/Xilinx/Vivado/2017.3/lib/lnx64.o/libhls_main.so(+0x1286c0) [0x7f20b92296c0]
/opt/Xilinx/Vivado/2017.3/lib/lnx64.o/libhls_support.so(xpcl::TclCommand::callback(int, Tcl_Obj* const*)+0xbde) [0x7f20b8ebae2e]
/opt/Xilinx/Vivado/2017.3/lib/lnx64.o/libhls_support.so(+0x6cf12) [0x7f20b8ebbf12]
/opt/Xilinx/Vivado/2017.3/lib/lnx64.o/libtcl8.5.so(+0x334af) [0x7f20c51d04af]
/opt/Xilinx/Vivado/2017.3/lib/lnx64.o/libtcl8.5.so(+0x34b38) [0x7f20c51d1b38]
/opt/Xilinx/Vivado/2017.3/lib/lnx64.o/libtcl8.5.so(Tcl_EvalEx+0x13) [0x7f20c51d20a3]
/opt/Xilinx/Vivado/2017.3/lib/lnx64.o/libtcl8.5.so(Tcl_FSEvalFileEx+0x1da) [0x7f20c5236c5a]
/opt/Xilinx/Vivado/2017.3/lib/lnx64.o/libhls_main.so(ApSourceTclFile(std::__cxx11::basic_string<char, std::char_traits<char>, std::allocator<char> > const&, char const*)+0x77) [0x7f20b9224aa7]
/opt/Xilinx/Vivado/2017.3/lib/lnx64.o/libhls_main.so(+0x1281a9) [0x7f20b92291a9]
/opt/Xilinx/Vivado/2017.3/lib/lnx64.o/libhls_support.so(xpcl::TclCommand::callback(int, Tcl_Obj* const*)+0xbde) [0x7f20b8ebae2e]
/opt/Xilinx/Vivado/2017.3/lib/lnx64.o/libhls_support.so(+0x6cf12) [0x7f20b8ebbf12]
/opt/Xilinx/Vivado/2017.3/lib/lnx64.o/libtcl8.5.so(+0x334af) [0x7f20c51d04af]
/opt/Xilinx/Vivado/2017.3/lib/lnx64.o/libtcl8.5.so(Tcl_EvalObjv+0x32) [0x7f20c51d05e2]
/opt/Xilinx/Vivado/2017.3/lib/lnx64.o/libtcl8.5.so(TclEvalObjEx+0x322) [0x7f20c51d2402]
/opt/Xilinx/Vivado/2017.3/lib/lnx64.o/librdi_hlstasks.so(+0x8fe9) [0x7f20b966afe9]
/opt/Xilinx/Vivado/2017.3/lib/lnx64.o/librdi_common.so(+0x7449b2) [0x7f20ca8e09b2]
/opt/Xilinx/Vivado/2017.3/lib/lnx64.o/libtcl8.5.so(+0x334af) [0x7f20c51d04af]
/opt/Xilinx/Vivado/2017.3/lib/lnx64.o/libtcl8.5.so(+0x34b38) [0x7f20c51d1b38]
/opt/Xilinx/Vivado/2017.3/lib/lnx64.o/libtcl8.5.so(Tcl_EvalEx+0x13) [0x7f20c51d20a3]
/opt/Xilinx/Vivado/2017.3/lib/lnx64.o/libtcl8.5.so(TclEvalObjEx+0x3cf) [0x7f20c51d24af]
/opt/Xilinx/Vivado/2017.3/lib/lnx64.o/libtcl8.5.so(+0xb74a9) [0x7f20c52544a9]
/opt/Xilinx/Vivado/2017.3/lib/lnx64.o/libtcl8.5.so(+0x334af) [0x7f20c51d04af]
/opt/Xilinx/Vivado/2017.3/lib/lnx64.o/libtcl8.5.so(+0x76875) [0x7f20c5213875]
/opt/Xilinx/Vivado/2017.3/lib/lnx64.o/libtcl8.5.so(TclObjInterpProcCore+0x420) [0x7f20c5254df0]
/opt/Xilinx/Vivado/2017.3/lib/lnx64.o/libtcl8.5.so(+0x334af) [0x7f20c51d04af]
/opt/Xilinx/Vivado/2017.3/lib/lnx64.o/libtcl8.5.so(+0x76875) [0x7f20c5213875]
/opt/Xilinx/Vivado/2017.3/lib/lnx64.o/libtcl8.5.so(+0x7e029) [0x7f20c521b029]
/opt/Xilinx/Vivado/2017.3/lib/lnx64.o/libtcl8.5.so(TclEvalObjEx+0x76) [0x7f20c51d2156]
/opt/Xilinx/Vivado/2017.3/lib/lnx64.o/librdi_commontasks.so(+0x1b2334) [0x7f20bba1a334]
/opt/Xilinx/Vivado/2017.3/lib/lnx64.o/libtcl8.5.so(+0x334af) [0x7f20c51d04af]
/opt/Xilinx/Vivado/2017.3/lib/lnx64.o/libtcl8.5.so(+0x34b38) [0x7f20c51d1b38]
/opt/Xilinx/Vivado/2017.3/lib/lnx64.o/libtcl8.5.so(+0xad486) [0x7f20c524a486]
/opt/Xilinx/Vivado/2017.3/lib/lnx64.o/libtcl8.5.so(+0x346c5) [0x7f20c51d16c5]
/opt/Xilinx/Vivado/2017.3/lib/lnx64.o/libtcl8.5.so(Tcl_EvalEx+0x13) [0x7f20c51d20a3]
/opt/Xilinx/Vivado/2017.3/lib/lnx64.o/libtcl8.5.so(Tcl_FSEvalFileEx+0x1da) [0x7f20c5236c5a]
/opt/Xilinx/Vivado/2017.3/lib/lnx64.o/librdi_commontasks.so(+0x1cf4cd) [0x7f20bba374cd]
/opt/Xilinx/Vivado/2017.3/lib/lnx64.o/librdi_common.so(+0x7449b2) [0x7f20ca8e09b2]
/opt/Xilinx/Vivado/2017.3/lib/lnx64.o/libtcl8.5.so(+0x334af) [0x7f20c51d04af]
/opt/Xilinx/Vivado/2017.3/lib/lnx64.o/libtcl8.5.so(Tcl_EvalObjv+0x32) [0x7f20c51d05e2]
/opt/Xilinx/Vivado/2017.3/lib/lnx64.o/libtcl8.5.so(TclEvalObjEx+0x322) [0x7f20c51d2402]
/opt/Xilinx/Vivado/2017.3/lib/lnx64.o/librdi_commontasks.so(+0x200aef) [0x7f20bba68aef]
/opt/Xilinx/Vivado/2017.3/lib/lnx64.o/librdi_commontasks.so(+0x2021be) [0x7f20bba6a1be]
/opt/Xilinx/Vivado/2017.3/lib/lnx64.o/librdi_common.so(+0x7449b2) [0x7f20ca8e09b2]
/opt/Xilinx/Vivado/2017.3/lib/lnx64.o/libtcl8.5.so(+0x334af) [0x7f20c51d04af]
/opt/Xilinx/Vivado/2017.3/lib/lnx64.o/libtcl8.5.so(Tcl_EvalObjv+0x32) [0x7f20c51d05e2]
/opt/Xilinx/Vivado/2017.3/lib/lnx64.o/libtcl8.5.so(TclEvalObjEx+0x322) [0x7f20c51d2402]
/opt/Xilinx/Vivado/2017.3/lib/lnx64.o/librdi_commonmain.so(+0x7414) [0x7f20c9f98414]
/opt/Xilinx/Vivado/2017.3/lib/lnx64.o/libtcl8.5.so(Tcl_Main+0x1d0) [0x7f20c523d210]
/opt/Xilinx/Vivado/2017.3/lib/lnx64.o/librdi_common.so(+0x7877ab) [0x7f20ca9237ab]
/lib/x86_64-linux-gnu/libpthread.so.0(+0x76ba) [0x7f20c31f26ba]
/lib/x86_64-linux-gnu/libc.so.6(clone+0x6d) [0x7f20c97383dd]
