#
# An unexpected error has occurred (11)
#
Stack:
/lib/x86_64-linux-gnu/libc.so.6(+0x354b0) [0x7fe2b691b4b0]
/opt/Xilinx/Vivado/2017.3/lib/lnx64.o/libhls_hwsyn.so(pass::ArrayPartition::cloneIndexScalarEvolution(llvm::ValueMap<llvm::Value const*, llvm::WeakVH, llvm::ValueMapConfig<llvm::Value const*> >&)+0xad) [0x7fe2a3b37fcd]
/opt/Xilinx/Vivado/2017.3/lib/lnx64.o/libhls_hwsyn.so(pass::ArrayPartition::createOrFindFunc(llvm::Function*, std::vector<pass::ArrayPartitionInfo, std::allocator<pass::ArrayPartitionInfo> >&, std::vector<llvm::Value*, std::allocator<llvm::Value*> >&)+0x1f3f) [0x7fe2a3b44e6f]
/opt/Xilinx/Vivado/2017.3/lib/lnx64.o/libhls_hwsyn.so(pass::ArrayPartition::updateFunctionArg(llvm::Instruction*, llvm::Function*)+0x7b2) [0x7fe2a3b466d2]
/opt/Xilinx/Vivado/2017.3/lib/lnx64.o/libhls_hwsyn.so(pass::ArrayPartition::runOnModule(llvm::Module&)+0x3be) [0x7fe2a3b4789e]
/opt/Xilinx/Vivado/2017.3/lib/lnx64.o/libLLVM-3.1.so(llvm::MPPassManager::runOnModule(llvm::Module&)+0x182) [0x7fe2a4ea3e92]
/opt/Xilinx/Vivado/2017.3/lib/lnx64.o/libLLVM-3.1.so(llvm::PassManagerImpl::run(llvm::Module&)+0xac) [0x7fe2a4ea404c]
/opt/Xilinx/Vivado/2017.3/lib/lnx64.o/libhls_main.so(+0x15fcfa) [0x7fe2a63c2cfa]
/opt/Xilinx/Vivado/2017.3/lib/lnx64.o/libhls_support.so(xpcl::TclCommand::callback(int, Tcl_Obj* const*)+0x158b) [0x7fe2a601d7db]
/opt/Xilinx/Vivado/2017.3/lib/lnx64.o/libhls_support.so(+0x6cf12) [0x7fe2a601df12]
/opt/Xilinx/Vivado/2017.3/lib/lnx64.o/libtcl8.5.so(+0x334af) [0x7fe2b24854af]
/opt/Xilinx/Vivado/2017.3/lib/lnx64.o/libtcl8.5.so(+0x76875) [0x7fe2b24c8875]
/opt/Xilinx/Vivado/2017.3/lib/lnx64.o/libtcl8.5.so(+0x7e029) [0x7fe2b24d0029]
/opt/Xilinx/Vivado/2017.3/lib/lnx64.o/libtcl8.5.so(TclEvalObjEx+0x76) [0x7fe2b2487156]
/opt/Xilinx/Vivado/2017.3/lib/lnx64.o/librdi_commontasks.so(+0x1b2297) [0x7fe2acf69297]
/opt/Xilinx/Vivado/2017.3/lib/lnx64.o/libtcl8.5.so(+0x334af) [0x7fe2b24854af]
/opt/Xilinx/Vivado/2017.3/lib/lnx64.o/libtcl8.5.so(+0x76875) [0x7fe2b24c8875]
/opt/Xilinx/Vivado/2017.3/lib/lnx64.o/libtcl8.5.so(TclObjInterpProcCore+0x420) [0x7fe2b2509df0]
/opt/Xilinx/Vivado/2017.3/lib/lnx64.o/libtcl8.5.so(+0x334af) [0x7fe2b24854af]
/opt/Xilinx/Vivado/2017.3/lib/lnx64.o/libtcl8.5.so(+0x76875) [0x7fe2b24c8875]
/opt/Xilinx/Vivado/2017.3/lib/lnx64.o/libtcl8.5.so(+0x7e029) [0x7fe2b24d0029]
/opt/Xilinx/Vivado/2017.3/lib/lnx64.o/libtcl8.5.so(TclEvalObjEx+0x76) [0x7fe2b2487156]
/opt/Xilinx/Vivado/2017.3/lib/lnx64.o/librdi_commontasks.so(+0x1b2297) [0x7fe2acf69297]
/opt/Xilinx/Vivado/2017.3/lib/lnx64.o/libtcl8.5.so(+0x334af) [0x7fe2b24854af]
/opt/Xilinx/Vivado/2017.3/lib/lnx64.o/libtcl8.5.so(+0x76875) [0x7fe2b24c8875]
/opt/Xilinx/Vivado/2017.3/lib/lnx64.o/libtcl8.5.so(TclObjInterpProcCore+0x420) [0x7fe2b2509df0]
/opt/Xilinx/Vivado/2017.3/lib/lnx64.o/libtcl8.5.so(+0x334af) [0x7fe2b24854af]
/opt/Xilinx/Vivado/2017.3/lib/lnx64.o/libtcl8.5.so(+0x76875) [0x7fe2b24c8875]
/opt/Xilinx/Vivado/2017.3/lib/lnx64.o/libtcl8.5.so(TclObjInterpProcCore+0x420) [0x7fe2b2509df0]
/opt/Xilinx/Vivado/2017.3/lib/lnx64.o/libtcl8.5.so(+0x334af) [0x7fe2b24854af]
/opt/Xilinx/Vivado/2017.3/lib/lnx64.o/libtcl8.5.so(+0x76875) [0x7fe2b24c8875]
/opt/Xilinx/Vivado/2017.3/lib/lnx64.o/libtcl8.5.so(+0x7e029) [0x7fe2b24d0029]
/opt/Xilinx/Vivado/2017.3/lib/lnx64.o/libtcl8.5.so(TclEvalObjEx+0x76) [0x7fe2b2487156]
/opt/Xilinx/Vivado/2017.3/lib/lnx64.o/librdi_commontasks.so(+0x1b2297) [0x7fe2acf69297]
/opt/Xilinx/Vivado/2017.3/lib/lnx64.o/libtcl8.5.so(+0x334af) [0x7fe2b24854af]
/opt/Xilinx/Vivado/2017.3/lib/lnx64.o/libtcl8.5.so(+0x34b38) [0x7fe2b2486b38]
/opt/Xilinx/Vivado/2017.3/lib/lnx64.o/libtcl8.5.so(+0xad486) [0x7fe2b24ff486]
/opt/Xilinx/Vivado/2017.3/lib/lnx64.o/libtcl8.5.so(+0x346c5) [0x7fe2b24866c5]
/opt/Xilinx/Vivado/2017.3/lib/lnx64.o/libtcl8.5.so(Tcl_EvalEx+0x13) [0x7fe2b24870a3]
/opt/Xilinx/Vivado/2017.3/lib/lnx64.o/libtcl8.5.so(Tcl_Eval+0x15) [0x7fe2b24870c5]
/opt/Xilinx/Vivado/2017.3/lib/lnx64.o/libhls_main.so(+0x1286c0) [0x7fe2a638b6c0]
/opt/Xilinx/Vivado/2017.3/lib/lnx64.o/libhls_support.so(xpcl::TclCommand::callback(int, Tcl_Obj* const*)+0xbde) [0x7fe2a601ce2e]
/opt/Xilinx/Vivado/2017.3/lib/lnx64.o/libhls_support.so(+0x6cf12) [0x7fe2a601df12]
/opt/Xilinx/Vivado/2017.3/lib/lnx64.o/libtcl8.5.so(+0x334af) [0x7fe2b24854af]
/opt/Xilinx/Vivado/2017.3/lib/lnx64.o/libtcl8.5.so(+0x76875) [0x7fe2b24c8875]
/opt/Xilinx/Vivado/2017.3/lib/lnx64.o/libtcl8.5.so(TclObjInterpProcCore+0x420) [0x7fe2b2509df0]
/opt/Xilinx/Vivado/2017.3/lib/lnx64.o/libtcl8.5.so(+0x334af) [0x7fe2b24854af]
/opt/Xilinx/Vivado/2017.3/lib/lnx64.o/libtcl8.5.so(+0x76875) [0x7fe2b24c8875]
/opt/Xilinx/Vivado/2017.3/lib/lnx64.o/libtcl8.5.so(+0x7e029) [0x7fe2b24d0029]
/opt/Xilinx/Vivado/2017.3/lib/lnx64.o/libtcl8.5.so(TclEvalObjEx+0x76) [0x7fe2b2487156]
/opt/Xilinx/Vivado/2017.3/lib/lnx64.o/librdi_commontasks.so(+0x1b2297) [0x7fe2acf69297]
/opt/Xilinx/Vivado/2017.3/lib/lnx64.o/libtcl8.5.so(+0x334af) [0x7fe2b24854af]
/opt/Xilinx/Vivado/2017.3/lib/lnx64.o/libtcl8.5.so(+0x34b38) [0x7fe2b2486b38]
/opt/Xilinx/Vivado/2017.3/lib/lnx64.o/libtcl8.5.so(+0xad486) [0x7fe2b24ff486]
/opt/Xilinx/Vivado/2017.3/lib/lnx64.o/libtcl8.5.so(+0x346c5) [0x7fe2b24866c5]
/opt/Xilinx/Vivado/2017.3/lib/lnx64.o/libtcl8.5.so(Tcl_EvalEx+0x13) [0x7fe2b24870a3]
/opt/Xilinx/Vivado/2017.3/lib/lnx64.o/libtcl8.5.so(Tcl_Eval+0x15) [0x7fe2b24870c5]
/opt/Xilinx/Vivado/2017.3/lib/lnx64.o/libhls_main.so(+0x1286c0) [0x7fe2a638b6c0]
/opt/Xilinx/Vivado/2017.3/lib/lnx64.o/libhls_support.so(xpcl::TclCommand::callback(int, Tcl_Obj* const*)+0xbde) [0x7fe2a601ce2e]
/opt/Xilinx/Vivado/2017.3/lib/lnx64.o/libhls_support.so(+0x6cf12) [0x7fe2a601df12]
/opt/Xilinx/Vivado/2017.3/lib/lnx64.o/libtcl8.5.so(+0x334af) [0x7fe2b24854af]
/opt/Xilinx/Vivado/2017.3/lib/lnx64.o/libtcl8.5.so(+0x76875) [0x7fe2b24c8875]
/opt/Xilinx/Vivado/2017.3/lib/lnx64.o/libtcl8.5.so(TclObjInterpProcCore+0x420) [0x7fe2b2509df0]
/opt/Xilinx/Vivado/2017.3/lib/lnx64.o/libtcl8.5.so(+0x334af) [0x7fe2b24854af]
/opt/Xilinx/Vivado/2017.3/lib/lnx64.o/libtcl8.5.so(+0x76875) [0x7fe2b24c8875]
/opt/Xilinx/Vivado/2017.3/lib/lnx64.o/libtcl8.5.so(+0x7e029) [0x7fe2b24d0029]
/opt/Xilinx/Vivado/2017.3/lib/lnx64.o/libtcl8.5.so(TclEvalObjEx+0x76) [0x7fe2b2487156]
/opt/Xilinx/Vivado/2017.3/lib/lnx64.o/librdi_commontasks.so(+0x1b2297) [0x7fe2acf69297]
/opt/Xilinx/Vivado/2017.3/lib/lnx64.o/libtcl8.5.so(+0x334af) [0x7fe2b24854af]
/opt/Xilinx/Vivado/2017.3/lib/lnx64.o/libtcl8.5.so(+0x34b38) [0x7fe2b2486b38]
/opt/Xilinx/Vivado/2017.3/lib/lnx64.o/libtcl8.5.so(+0xad486) [0x7fe2b24ff486]
/opt/Xilinx/Vivado/2017.3/lib/lnx64.o/libtcl8.5.so(+0x346c5) [0x7fe2b24866c5]
/opt/Xilinx/Vivado/2017.3/lib/lnx64.o/libtcl8.5.so(Tcl_EvalEx+0x13) [0x7fe2b24870a3]
/opt/Xilinx/Vivado/2017.3/lib/lnx64.o/libtcl8.5.so(Tcl_Eval+0x15) [0x7fe2b24870c5]
/opt/Xilinx/Vivado/2017.3/lib/lnx64.o/libhls_main.so(+0x1286c0) [0x7fe2a638b6c0]
/opt/Xilinx/Vivado/2017.3/lib/lnx64.o/libhls_support.so(xpcl::TclCommand::callback(int, Tcl_Obj* const*)+0xbde) [0x7fe2a601ce2e]
/opt/Xilinx/Vivado/2017.3/lib/lnx64.o/libhls_support.so(+0x6cf12) [0x7fe2a601df12]
/opt/Xilinx/Vivado/2017.3/lib/lnx64.o/libtcl8.5.so(+0x334af) [0x7fe2b24854af]
/opt/Xilinx/Vivado/2017.3/lib/lnx64.o/libtcl8.5.so(+0x34b38) [0x7fe2b2486b38]
/opt/Xilinx/Vivado/2017.3/lib/lnx64.o/libtcl8.5.so(Tcl_EvalEx+0x13) [0x7fe2b24870a3]
/opt/Xilinx/Vivado/2017.3/lib/lnx64.o/libtcl8.5.so(Tcl_FSEvalFileEx+0x1da) [0x7fe2b24ebc5a]
/opt/Xilinx/Vivado/2017.3/lib/lnx64.o/libhls_main.so(ApSourceTclFile(std::__cxx11::basic_string<char, std::char_traits<char>, std::allocator<char> > const&, char const*)+0x77) [0x7fe2a6386aa7]
/opt/Xilinx/Vivado/2017.3/lib/lnx64.o/libhls_main.so(+0x1281a9) [0x7fe2a638b1a9]
/opt/Xilinx/Vivado/2017.3/lib/lnx64.o/libhls_support.so(xpcl::TclCommand::callback(int, Tcl_Obj* const*)+0xbde) [0x7fe2a601ce2e]
/opt/Xilinx/Vivado/2017.3/lib/lnx64.o/libhls_support.so(+0x6cf12) [0x7fe2a601df12]
/opt/Xilinx/Vivado/2017.3/lib/lnx64.o/libtcl8.5.so(+0x334af) [0x7fe2b24854af]
/opt/Xilinx/Vivado/2017.3/lib/lnx64.o/libtcl8.5.so(Tcl_EvalObjv+0x32) [0x7fe2b24855e2]
/opt/Xilinx/Vivado/2017.3/lib/lnx64.o/libtcl8.5.so(TclEvalObjEx+0x322) [0x7fe2b2487402]
/opt/Xilinx/Vivado/2017.3/lib/lnx64.o/librdi_hlstasks.so(+0x8fe9) [0x7fe2a67ccfe9]
/opt/Xilinx/Vivado/2017.3/lib/lnx64.o/librdi_common.so(+0x7449b2) [0x7fe2b7b959b2]
/opt/Xilinx/Vivado/2017.3/lib/lnx64.o/libtcl8.5.so(+0x334af) [0x7fe2b24854af]
/opt/Xilinx/Vivado/2017.3/lib/lnx64.o/libtcl8.5.so(+0x34b38) [0x7fe2b2486b38]
/opt/Xilinx/Vivado/2017.3/lib/lnx64.o/libtcl8.5.so(Tcl_EvalEx+0x13) [0x7fe2b24870a3]
/opt/Xilinx/Vivado/2017.3/lib/lnx64.o/libtcl8.5.so(TclEvalObjEx+0x3cf) [0x7fe2b24874af]
/opt/Xilinx/Vivado/2017.3/lib/lnx64.o/libtcl8.5.so(+0xb74a9) [0x7fe2b25094a9]
/opt/Xilinx/Vivado/2017.3/lib/lnx64.o/libtcl8.5.so(+0x334af) [0x7fe2b24854af]
/opt/Xilinx/Vivado/2017.3/lib/lnx64.o/libtcl8.5.so(+0x76875) [0x7fe2b24c8875]
/opt/Xilinx/Vivado/2017.3/lib/lnx64.o/libtcl8.5.so(TclObjInterpProcCore+0x420) [0x7fe2b2509df0]
/opt/Xilinx/Vivado/2017.3/lib/lnx64.o/libtcl8.5.so(+0x334af) [0x7fe2b24854af]
/opt/Xilinx/Vivado/2017.3/lib/lnx64.o/libtcl8.5.so(+0x76875) [0x7fe2b24c8875]
/opt/Xilinx/Vivado/2017.3/lib/lnx64.o/libtcl8.5.so(+0x7e029) [0x7fe2b24d0029]
/opt/Xilinx/Vivado/2017.3/lib/lnx64.o/libtcl8.5.so(TclEvalObjEx+0x76) [0x7fe2b2487156]
/opt/Xilinx/Vivado/2017.3/lib/lnx64.o/librdi_commontasks.so(+0x1b2334) [0x7fe2acf69334]
/opt/Xilinx/Vivado/2017.3/lib/lnx64.o/libtcl8.5.so(+0x334af) [0x7fe2b24854af]
/opt/Xilinx/Vivado/2017.3/lib/lnx64.o/libtcl8.5.so(+0x34b38) [0x7fe2b2486b38]
/opt/Xilinx/Vivado/2017.3/lib/lnx64.o/libtcl8.5.so(+0xad486) [0x7fe2b24ff486]
/opt/Xilinx/Vivado/2017.3/lib/lnx64.o/libtcl8.5.so(+0x346c5) [0x7fe2b24866c5]
/opt/Xilinx/Vivado/2017.3/lib/lnx64.o/libtcl8.5.so(Tcl_EvalEx+0x13) [0x7fe2b24870a3]
/opt/Xilinx/Vivado/2017.3/lib/lnx64.o/libtcl8.5.so(Tcl_FSEvalFileEx+0x1da) [0x7fe2b24ebc5a]
/opt/Xilinx/Vivado/2017.3/lib/lnx64.o/librdi_commontasks.so(+0x1cf4cd) [0x7fe2acf864cd]
/opt/Xilinx/Vivado/2017.3/lib/lnx64.o/librdi_common.so(+0x7449b2) [0x7fe2b7b959b2]
/opt/Xilinx/Vivado/2017.3/lib/lnx64.o/libtcl8.5.so(+0x334af) [0x7fe2b24854af]
/opt/Xilinx/Vivado/2017.3/lib/lnx64.o/libtcl8.5.so(Tcl_EvalObjv+0x32) [0x7fe2b24855e2]
/opt/Xilinx/Vivado/2017.3/lib/lnx64.o/libtcl8.5.so(TclEvalObjEx+0x322) [0x7fe2b2487402]
/opt/Xilinx/Vivado/2017.3/lib/lnx64.o/librdi_commontasks.so(+0x200aef) [0x7fe2acfb7aef]
/opt/Xilinx/Vivado/2017.3/lib/lnx64.o/librdi_commontasks.so(+0x2021be) [0x7fe2acfb91be]
/opt/Xilinx/Vivado/2017.3/lib/lnx64.o/librdi_common.so(+0x7449b2) [0x7fe2b7b959b2]
/opt/Xilinx/Vivado/2017.3/lib/lnx64.o/libtcl8.5.so(+0x334af) [0x7fe2b24854af]
/opt/Xilinx/Vivado/2017.3/lib/lnx64.o/libtcl8.5.so(Tcl_EvalObjv+0x32) [0x7fe2b24855e2]
/opt/Xilinx/Vivado/2017.3/lib/lnx64.o/libtcl8.5.so(TclEvalObjEx+0x322) [0x7fe2b2487402]
/opt/Xilinx/Vivado/2017.3/lib/lnx64.o/librdi_commonmain.so(+0x7414) [0x7fe2b724d414]
/opt/Xilinx/Vivado/2017.3/lib/lnx64.o/libtcl8.5.so(Tcl_Main+0x1d0) [0x7fe2b24f2210]
/opt/Xilinx/Vivado/2017.3/lib/lnx64.o/librdi_common.so(+0x7877ab) [0x7fe2b7bd87ab]
/lib/x86_64-linux-gnu/libpthread.so.0(+0x76ba) [0x7fe2b04a76ba]
/lib/x86_64-linux-gnu/libc.so.6(clone+0x6d) [0x7fe2b69ed3dd]
