

================================================================
== Vivado HLS Report for 'MadgwickAHRSupdate'
================================================================
* Date:           Fri Dec 15 16:22:33 2017

* Version:        2017.3.1 (Build 2033595 on Fri Oct 20 14:40:16 MDT 2017)
* Project:        MadgwickAHRSoriginal
* Solution:       solution1
* Product family: zynq
* Target device:  xc7z020clg400-1


================================================================
== Performance Estimates
================================================================
+ Timing (ns): 
    * Summary: 
    +--------+-------+----------+------------+
    |  Clock | Target| Estimated| Uncertainty|
    +--------+-------+----------+------------+
    |ap_clk  |  10.00|     10.54|        1.25|
    +--------+-------+----------+------------+

+ Latency (clock cycles): 
    * Summary: 
    +-----+-----+-----+-----+---------+
    |  Latency  |  Interval | Pipeline|
    | min | max | min | max |   Type  |
    +-----+-----+-----+-----+---------+
    |   74|  262|   75|  263|   none  |
    +-----+-----+-----+-----+---------+

    + Detail: 
        * Instance: 
        +---------------------------------+----------------------+-----+-----+-----+-----+---------+
        |                                 |                      |  Latency  |  Interval | Pipeline|
        |             Instance            |        Module        | min | max | min | max |   Type  |
        +---------------------------------+----------------------+-----+-----+-----+-----+---------+
        |grp_MadgwickAHRSupdateIM_fu_168  |MadgwickAHRSupdateIM  |   74|  204|   74|  204|   none  |
        +---------------------------------+----------------------+-----+-----+-----+-----+---------+

        * Loop: 
        N/A



================================================================
== Utilization Estimates
================================================================
* Summary: 
+-----------------+---------+-------+--------+-------+
|       Name      | BRAM_18K| DSP48E|   FF   |  LUT  |
+-----------------+---------+-------+--------+-------+
|DSP              |        -|      -|       -|      -|
|Expression       |        -|      -|       0|    698|
|FIFO             |        -|      -|       -|      -|
|Instance         |        -|     64|    6919|  12773|
|Memory           |        -|      -|       -|      -|
|Multiplexer      |        -|      -|       -|   3028|
|Register         |        -|      -|    3082|      -|
+-----------------+---------+-------+--------+-------+
|Total            |        0|     64|   10001|  16499|
+-----------------+---------+-------+--------+-------+
|Available        |      280|    220|  106400|  53200|
+-----------------+---------+-------+--------+-------+
|Utilization (%)  |        0|     29|       9|     31|
+-----------------+---------+-------+--------+-------+

+ Detail: 
    * Instance: 
    +---------------------------------+----------------------+---------+-------+------+------+
    |             Instance            |        Module        | BRAM_18K| DSP48E|  FF  |  LUT |
    +---------------------------------+----------------------+---------+-------+------+------+
    |MadgwickAHRSupdatbkb_U30         |MadgwickAHRSupdatbkb  |        0|      2|   205|   390|
    |MadgwickAHRSupdatbkb_U31         |MadgwickAHRSupdatbkb  |        0|      2|   205|   390|
    |MadgwickAHRSupdatbkb_U32         |MadgwickAHRSupdatbkb  |        0|      2|   205|   390|
    |MadgwickAHRSupdatbkb_U33         |MadgwickAHRSupdatbkb  |        0|      2|   205|   390|
    |MadgwickAHRSupdatcud_U34         |MadgwickAHRSupdatcud  |        0|      3|   143|   321|
    |MadgwickAHRSupdatcud_U35         |MadgwickAHRSupdatcud  |        0|      3|   143|   321|
    |MadgwickAHRSupdatcud_U36         |MadgwickAHRSupdatcud  |        0|      3|   143|   321|
    |MadgwickAHRSupdatcud_U37         |MadgwickAHRSupdatcud  |        0|      3|   143|   321|
    |MadgwickAHRSupdatcud_U38         |MadgwickAHRSupdatcud  |        0|      3|   143|   321|
    |MadgwickAHRSupdatcud_U39         |MadgwickAHRSupdatcud  |        0|      3|   143|   321|
    |MadgwickAHRSupdatcud_U40         |MadgwickAHRSupdatcud  |        0|      3|   143|   321|
    |MadgwickAHRSupdatcud_U41         |MadgwickAHRSupdatcud  |        0|      3|   143|   321|
    |MadgwickAHRSupdatdEe_U42         |MadgwickAHRSupdatdEe  |        0|      0|    66|   239|
    |MadgwickAHRSupdatdEe_U43         |MadgwickAHRSupdatdEe  |        0|      0|    66|   239|
    |MadgwickAHRSupdatdEe_U44         |MadgwickAHRSupdatdEe  |        0|      0|    66|   239|
    |grp_MadgwickAHRSupdateIM_fu_168  |MadgwickAHRSupdateIM  |        0|     32|  4352|  7313|
    |MadgwickAHRSupdateOg_U45         |MadgwickAHRSupdateOg  |        0|      0|   405|   615|
    +---------------------------------+----------------------+---------+-------+------+------+
    |Total                            |                      |        0|     64|  6919| 12773|
    +---------------------------------+----------------------+---------+-------+------+------+

    * DSP48: 
    N/A

    * Memory: 
    N/A

    * FIFO: 
    N/A

    * Expression: 
    +------------------------+----------+-------+---+----+------------+------------+
    |      Variable Name     | Operation| DSP48E| FF| LUT| Bitwidth P0| Bitwidth P1|
    +------------------------+----------+-------+---+----+------------+------------+
    |y_10_fu_1259_p2         |     -    |      0|  0|  39|          31|          32|
    |y_12_fu_1311_p2         |     -    |      0|  0|  39|          31|          32|
    |y_6_fu_1156_p2          |     -    |      0|  0|  39|          31|          32|
    |y_8_fu_1128_p2          |     -    |      0|  0|  39|          31|          32|
    |or_cond1_fu_958_p2      |    and   |      0|  0|   8|           1|           1|
    |or_cond3_fu_1105_p2     |    and   |      0|  0|   8|           1|           1|
    |tmp1_fu_952_p2          |    and   |      0|  0|   8|           1|           1|
    |tmp2_fu_1099_p2         |    and   |      0|  0|   8|           1|           1|
    |tmp_128_fu_862_p2       |    and   |      0|  0|   8|           1|           1|
    |tmp_320_fu_904_p2       |    and   |      0|  0|   8|           1|           1|
    |tmp_325_fu_946_p2       |    and   |      0|  0|   8|           1|           1|
    |tmp_330_fu_1014_p2      |    and   |      0|  0|   8|           1|           1|
    |tmp_335_fu_1054_p2      |    and   |      0|  0|   8|           1|           1|
    |tmp_340_fu_1094_p2      |    and   |      0|  0|   8|           1|           1|
    |notlhs1_fu_928_p2       |   icmp   |      0|  0|  11|           8|           2|
    |notlhs2_fu_996_p2       |   icmp   |      0|  0|  11|           8|           2|
    |notlhs3_fu_1036_p2      |   icmp   |      0|  0|  11|           8|           2|
    |notlhs4_fu_1076_p2      |   icmp   |      0|  0|  11|           8|           2|
    |notlhs8_fu_886_p2       |   icmp   |      0|  0|  11|           8|           2|
    |notlhs_fu_844_p2        |   icmp   |      0|  0|  11|           8|           2|
    |notrhs1_fu_934_p2       |   icmp   |      0|  0|  18|          23|           1|
    |notrhs2_fu_1002_p2      |   icmp   |      0|  0|  18|          23|           1|
    |notrhs3_fu_1042_p2      |   icmp   |      0|  0|  18|          23|           1|
    |notrhs4_fu_1082_p2      |   icmp   |      0|  0|  18|          23|           1|
    |notrhs9_fu_892_p2       |   icmp   |      0|  0|  18|          23|           1|
    |notrhs_fu_850_p2        |   icmp   |      0|  0|  18|          23|           1|
    |tmp_122_fu_856_p2       |    or    |      0|  0|   8|           1|           1|
    |tmp_316_fu_898_p2       |    or    |      0|  0|   8|           1|           1|
    |tmp_323_fu_940_p2       |    or    |      0|  0|   8|           1|           1|
    |tmp_328_fu_1008_p2      |    or    |      0|  0|   8|           1|           1|
    |tmp_333_fu_1048_p2      |    or    |      0|  0|   8|           1|           1|
    |tmp_338_fu_1088_p2      |    or    |      0|  0|   8|           1|           1|
    |tmp_100_neg_fu_968_p2   |    xor   |      0|  0|  40|          32|          33|
    |tmp_174_neg_fu_1171_p2  |    xor   |      0|  0|  40|          32|          33|
    |tmp_190_neg_fu_1186_p2  |    xor   |      0|  0|  40|          32|          33|
    |tmp_210_neg_fu_1230_p2  |    xor   |      0|  0|  40|          32|          33|
    |tmp_254_neg_fu_1201_p2  |    xor   |      0|  0|  40|          32|          33|
    |tmp_261_neg_fu_1216_p2  |    xor   |      0|  0|  40|          32|          33|
    +------------------------+----------+-------+---+----+------------+------------+
    |Total                   |          |      0|  0| 698|         518|         360|
    +------------------------+----------+-------+---+----+------------+------------+

    * Multiplexer: 
    +--------------------------------+------+-----------+-----+-----------+
    |              Name              |  LUT | Input Size| Bits| Total Bits|
    +--------------------------------+------+-----------+-----+-----------+
    |ap_NS_fsm                       |  1205|        265|    1|        265|
    |ap_phi_mux_qDot8_phi_fu_141_p4  |     9|          2|   32|         64|
    |ap_phi_mux_qDot_phi_fu_131_p4   |     9|          2|   32|         64|
    |grp_fu_194_opcode               |    15|          3|    2|          6|
    |grp_fu_194_p0                   |   109|         23|   32|        736|
    |grp_fu_194_p1                   |   101|         21|   32|        672|
    |grp_fu_198_opcode               |    15|          3|    2|          6|
    |grp_fu_198_p0                   |   101|         21|   32|        672|
    |grp_fu_198_p1                   |    89|         18|   32|        576|
    |grp_fu_204_opcode               |    15|          3|    2|          6|
    |grp_fu_204_p0                   |    27|          5|   32|        160|
    |grp_fu_204_p1                   |    27|          5|   32|        160|
    |grp_fu_208_opcode               |    15|          3|    2|          6|
    |grp_fu_208_p0                   |    21|          4|   32|        128|
    |grp_fu_208_p1                   |    21|          4|   32|        128|
    |grp_fu_214_p0                   |   181|         41|   32|       1312|
    |grp_fu_214_p1                   |   205|         47|   32|       1504|
    |grp_fu_219_p0                   |   133|         29|   32|        928|
    |grp_fu_219_p1                   |   149|         33|   32|       1056|
    |grp_fu_224_p0                   |    93|         19|   32|        608|
    |grp_fu_224_p1                   |    93|         19|   32|        608|
    |grp_fu_228_p0                   |    62|         15|   32|        480|
    |grp_fu_228_p1                   |    62|         15|   32|        480|
    |grp_fu_236_p0                   |    38|          7|   32|        224|
    |grp_fu_236_p1                   |    38|          7|   32|        224|
    |grp_fu_241_p0                   |    21|          4|   32|        128|
    |grp_fu_241_p1                   |    33|          6|   32|        192|
    |grp_fu_265_p0                   |    15|          3|   32|         96|
    |grp_fu_271_p0                   |    15|          3|   32|         96|
    |grp_fu_277_p0                   |    15|          3|   32|         96|
    |q0                              |    15|          3|   32|         96|
    |q1                              |    15|          3|   32|         96|
    |q2                              |    15|          3|   32|         96|
    |q3                              |    15|          3|   32|         96|
    |qDot5_reg_158                   |     9|          2|   32|         64|
    |qDot8_reg_138                   |     9|          2|   32|         64|
    |qDot9_reg_148                   |     9|          2|   32|         64|
    |qDot_reg_128                    |     9|          2|   32|         64|
    +--------------------------------+------+-----------+-----+-----------+
    |Total                           |  3028|        653| 1065|      12321|
    +--------------------------------+------+-----------+-----+-----------+

    * Register: 
    +-------------------------------------------------+-----+----+-----+-----------+
    |                       Name                      |  FF | LUT| Bits| Const Bits|
    +-------------------------------------------------+-----+----+-----+-----------+
    |ap_CS_fsm                                        |  264|   0|  264|          0|
    |ap_reg_grp_MadgwickAHRSupdateIM_fu_168_ap_start  |    1|   0|    1|          0|
    |beta                                             |    0|   0|   32|         32|
    |beta_load_4_reg_1620                             |    0|   0|   32|         32|
    |beta_load_5_reg_1625                             |    0|   0|   32|         32|
    |beta_load_reg_1615                               |    0|   0|   32|         32|
    |or_cond1_reg_1418                                |    1|   0|    1|          0|
    |or_cond3_reg_1442                                |    1|   0|    1|          0|
    |p_2bx_reg_1558                                   |   32|   0|   32|          0|
    |p_2q1_reg_1526                                   |   32|   0|   32|          0|
    |q0                                               |   32|   0|   32|          0|
    |q0_load_16_reg_1469                              |   32|   0|   32|          0|
    |q1                                               |   32|   0|   32|          0|
    |q1q3_reg_1504                                    |   32|   0|   32|          0|
    |q2                                               |   32|   0|   32|          0|
    |q2q3_reg_1511                                    |   32|   0|   32|          0|
    |q3                                               |   32|   0|   32|          0|
    |q3_load_21_reg_1484                              |   32|   0|   32|          0|
    |q3_load_22_reg_1489                              |   32|   0|   32|          0|
    |qDot5_reg_158                                    |   32|   0|   32|          0|
    |qDot8_reg_138                                    |   32|   0|   32|          0|
    |qDot9_reg_148                                    |   32|   0|   32|          0|
    |qDot_reg_128                                     |   32|   0|   32|          0|
    |reg_344                                          |   32|   0|   32|          0|
    |reg_353                                          |   32|   0|   32|          0|
    |reg_363                                          |   32|   0|   32|          0|
    |reg_370                                          |   32|   0|   32|          0|
    |reg_380                                          |   32|   0|   32|          0|
    |reg_390                                          |   32|   0|   32|          0|
    |reg_396                                          |   32|   0|   32|          0|
    |reg_404                                          |   32|   0|   32|          0|
    |reg_416                                          |   32|   0|   32|          0|
    |reg_424                                          |   32|   0|   32|          0|
    |reg_439                                          |   32|   0|   32|          0|
    |reg_451                                          |   32|   0|   32|          0|
    |reg_458                                          |   32|   0|   32|          0|
    |reg_465                                          |   32|   0|   32|          0|
    |reg_474                                          |   32|   0|   32|          0|
    |reg_484                                          |   32|   0|   32|          0|
    |reg_492                                          |   32|   0|   32|          0|
    |reg_500                                          |   32|   0|   32|          0|
    |reg_508                                          |   32|   0|   32|          0|
    |reg_516                                          |   32|   0|   32|          0|
    |reg_526                                          |   32|   0|   32|          0|
    |reg_538                                          |   32|   0|   32|          0|
    |reg_554                                          |   32|   0|   32|          0|
    |reg_560                                          |   32|   0|   32|          0|
    |reg_571                                          |   32|   0|   32|          0|
    |reg_581                                          |   32|   0|   32|          0|
    |reg_588                                          |   32|   0|   32|          0|
    |reg_594                                          |   32|   0|   32|          0|
    |reg_600                                          |   32|   0|   32|          0|
    |reg_606                                          |   32|   0|   32|          0|
    |reg_615                                          |   32|   0|   32|          0|
    |reg_623                                          |   32|   0|   32|          0|
    |reg_633                                          |   32|   0|   32|          0|
    |reg_649                                          |   32|   0|   32|          0|
    |reg_656                                          |   32|   0|   32|          0|
    |reg_664                                          |   32|   0|   32|          0|
    |reg_670                                          |   32|   0|   32|          0|
    |reg_677                                          |   32|   0|   32|          0|
    |reg_691                                          |   32|   0|   32|          0|
    |reg_700                                          |   32|   0|   32|          0|
    |reg_707                                          |   32|   0|   32|          0|
    |reg_719                                          |   32|   0|   32|          0|
    |reg_725                                          |   32|   0|   32|          0|
    |reg_734                                          |   32|   0|   32|          0|
    |reg_739                                          |   32|   0|   32|          0|
    |reg_746                                          |   32|   0|   32|          0|
    |reg_755                                          |   32|   0|   32|          0|
    |reg_762                                          |   32|   0|   32|          0|
    |reg_770                                          |   32|   0|   32|          0|
    |reg_778                                          |   32|   0|   32|          0|
    |reg_788                                          |   32|   0|   32|          0|
    |reg_795                                          |   32|   0|   32|          0|
    |reg_801                                          |   32|   0|   32|          0|
    |reg_810                                          |   32|   0|   32|          0|
    |reg_817                                          |   32|   0|   32|          0|
    |tmp_193_reg_1516                                 |   32|   0|   32|          0|
    |tmp_1_i2_reg_1609                                |   32|   0|   32|          0|
    |tmp_1_i3_reg_1640                                |   32|   0|   32|          0|
    |tmp_1_i5_reg_1451                                |   32|   0|   32|          0|
    |tmp_1_i_reg_1463                                 |   32|   0|   32|          0|
    |tmp_224_reg_1553                                 |   32|   0|   32|          0|
    |tmp_239_reg_1599                                 |   32|   0|   32|          0|
    |tmp_245_reg_1589                                 |   32|   0|   32|          0|
    |tmp_259_reg_1567                                 |   32|   0|   32|          0|
    |tmp_274_reg_1543                                 |   32|   0|   32|          0|
    |tmp_275_reg_1548                                 |   32|   0|   32|          0|
    |tmp_277_reg_1579                                 |   32|   0|   32|          0|
    |tmp_278_reg_1584                                 |   32|   0|   32|          0|
    |tmp_284_reg_1594                                 |   32|   0|   32|          0|
    |tmp_329_reg_1427                                 |    1|   0|    1|          0|
    |tmp_334_reg_1432                                 |    1|   0|    1|          0|
    |tmp_339_reg_1437                                 |    1|   0|    1|          0|
    |tmp_i2_reg_1604                                  |   31|   0|   31|          0|
    |tmp_i3_reg_1446                                  |   31|   0|   31|          0|
    |tmp_i4_reg_1635                                  |   31|   0|   31|          0|
    |tmp_i_reg_1458                                   |   31|   0|   31|          0|
    +-------------------------------------------------+-----+----+-----+-----------+
    |Total                                            | 3082|   0| 3210|        128|
    +-------------------------------------------------+-----+----+-----+-----------+



================================================================
== Interface
================================================================
* Summary: 
+----------+-----+-----+------------+--------------------+--------------+
| RTL Ports| Dir | Bits|  Protocol  |    Source Object   |    C Type    |
+----------+-----+-----+------------+--------------------+--------------+
|ap_clk    |  in |    1| ap_ctrl_hs | MadgwickAHRSupdate | return value |
|ap_rst    |  in |    1| ap_ctrl_hs | MadgwickAHRSupdate | return value |
|ap_start  |  in |    1| ap_ctrl_hs | MadgwickAHRSupdate | return value |
|ap_done   | out |    1| ap_ctrl_hs | MadgwickAHRSupdate | return value |
|ap_idle   | out |    1| ap_ctrl_hs | MadgwickAHRSupdate | return value |
|ap_ready  | out |    1| ap_ctrl_hs | MadgwickAHRSupdate | return value |
|gx        |  in |   32|   ap_none  |         gx         |    scalar    |
|gy        |  in |   32|   ap_none  |         gy         |    scalar    |
|gz        |  in |   32|   ap_none  |         gz         |    scalar    |
|ax        |  in |   32|   ap_none  |         ax         |    scalar    |
|ay        |  in |   32|   ap_none  |         ay         |    scalar    |
|az        |  in |   32|   ap_none  |         az         |    scalar    |
|mx        |  in |   32|   ap_none  |         mx         |    scalar    |
|my        |  in |   32|   ap_none  |         my         |    scalar    |
|mz        |  in |   32|   ap_none  |         mz         |    scalar    |
+----------+-----+-----+------------+--------------------+--------------+

