

================================================================
== Vivado HLS Report for 'MadgwickAHRSupdate'
================================================================
* Date:           Tue Dec  5 11:38:10 2017

* Version:        2017.3.1 (Build 2033595 on Fri Oct 20 14:40:16 MDT 2017)
* Project:        MadgwickAHRS
* Solution:       solution1
* Product family: zynq
* Target device:  xc7z020clg400-1


================================================================
== Performance Estimates
================================================================
+ Timing (ns): 
    * Summary: 
    +--------+-------+----------+------------+
    |  Clock | Target| Estimated| Uncertainty|
    +--------+-------+----------+------------+
    |ap_clk  |   5.00|      6.58|        0.62|
    +--------+-------+----------+------------+

+ Latency (clock cycles): 
    * Summary: 
    +-----+-----+-----+-----+---------+
    |  Latency  |  Interval | Pipeline|
    | min | max | min | max |   Type  |
    +-----+-----+-----+-----+---------+
    |  232|  831|  233|  832|   none  |
    +-----+-----+-----+-----+---------+

    + Detail: 
        * Instance: 
        +---------------------------------+----------------------+-----+-----+-----+-----+---------+
        |                                 |                      |  Latency  |  Interval | Pipeline|
        |             Instance            |        Module        | min | max | min | max |   Type  |
        +---------------------------------+----------------------+-----+-----+-----+-----+---------+
        |grp_MadgwickAHRSupdateIM_fu_382  |MadgwickAHRSupdateIM  |  226|  601|  226|  601|   none  |
        |grp_normalise_1_fu_394           |normalise_1           |  113|  113|  113|  113|   none  |
        |grp_normalise_fu_402             |normalise             |  118|  118|  118|  118|   none  |
        +---------------------------------+----------------------+-----+-----+-----+-----+---------+

        * Loop: 
        +----------------------+-----+-----+----------+-----------+-----------+------+----------+
        |                      |  Latency  | Iteration|  Initiation Interval  | Trip |          |
        |       Loop Name      | min | max |  Latency |  achieved |   target  | Count| Pipelined|
        +----------------------+-----+-----+----------+-----------+-----------+------+----------+
        |- loopfeedbackStep    |   64|   64|        16|          -|          -|     4|    no    |
        |- loop_integrateQdot  |   64|   64|        16|          -|          -|     4|    no    |
        +----------------------+-----+-----+----------+-----------+-----------+------+----------+



================================================================
== Utilization Estimates
================================================================
* Summary: 
+-----------------+---------+-------+--------+-------+
|       Name      | BRAM_18K| DSP48E|   FF   |  LUT  |
+-----------------+---------+-------+--------+-------+
|DSP              |        -|      -|       -|      -|
|Expression       |        -|      -|       0|    881|
|FIFO             |        -|      -|       -|      -|
|Instance         |        -|    108|   13522|  22646|
|Memory           |        2|      -|       0|      0|
|Multiplexer      |        -|      -|       -|   3229|
|Register         |        -|      -|    2705|      -|
+-----------------+---------+-------+--------+-------+
|Total            |        2|    108|   16227|  26756|
+-----------------+---------+-------+--------+-------+
|Available        |      280|    220|  106400|  53200|
+-----------------+---------+-------+--------+-------+
|Utilization (%)  |    ~0   |     49|      15|     50|
+-----------------+---------+-------+--------+-------+

+ Detail: 
    * Instance: 
    +---------------------------------+----------------------+---------+-------+------+-------+
    |             Instance            |        Module        | BRAM_18K| DSP48E|  FF  |  LUT  |
    +---------------------------------+----------------------+---------+-------+------+-------+
    |MadgwickAHRSupdatbkb_U40         |MadgwickAHRSupdatbkb  |        0|      2|   324|    424|
    |MadgwickAHRSupdatbkb_U41         |MadgwickAHRSupdatbkb  |        0|      2|   324|    424|
    |MadgwickAHRSupdatbkb_U42         |MadgwickAHRSupdatbkb  |        0|      2|   324|    424|
    |MadgwickAHRSupdatbkb_U43         |MadgwickAHRSupdatbkb  |        0|      2|   324|    424|
    |MadgwickAHRSupdatbkb_U44         |MadgwickAHRSupdatbkb  |        0|      2|   324|    424|
    |MadgwickAHRSupdatcud_U47         |MadgwickAHRSupdatcud  |        0|      3|   151|    325|
    |MadgwickAHRSupdatcud_U48         |MadgwickAHRSupdatcud  |        0|      3|   151|    325|
    |MadgwickAHRSupdatcud_U49         |MadgwickAHRSupdatcud  |        0|      3|   151|    325|
    |MadgwickAHRSupdatcud_U50         |MadgwickAHRSupdatcud  |        0|      3|   151|    325|
    |MadgwickAHRSupdatcud_U51         |MadgwickAHRSupdatcud  |        0|      3|   151|    325|
    |MadgwickAHRSupdatcud_U52         |MadgwickAHRSupdatcud  |        0|      3|   151|    325|
    |MadgwickAHRSupdatcud_U53         |MadgwickAHRSupdatcud  |        0|      3|   151|    325|
    |MadgwickAHRSupdatcud_U54         |MadgwickAHRSupdatcud  |        0|      3|   151|    325|
    |MadgwickAHRSupdatcud_U55         |MadgwickAHRSupdatcud  |        0|      3|   151|    325|
    |MadgwickAHRSupdatcud_U56         |MadgwickAHRSupdatcud  |        0|      3|   151|    325|
    |MadgwickAHRSupdatdEe_U57         |MadgwickAHRSupdatdEe  |        0|      0|    75|    248|
    |grp_MadgwickAHRSupdateIM_fu_382  |MadgwickAHRSupdateIM  |        0|     54|  6885|  11862|
    |MadgwickAHRSupdateOg_U59         |MadgwickAHRSupdateOg  |        0|      0|     0|     21|
    |MadgwickAHRSupdateOg_U60         |MadgwickAHRSupdateOg  |        0|      0|     0|     21|
    |MadgwickAHRSupdateOg_U61         |MadgwickAHRSupdateOg  |        0|      0|     0|     21|
    |MadgwickAHRSupdatg8j_U45         |MadgwickAHRSupdatg8j  |        0|      2|   324|    424|
    |MadgwickAHRSupdathbi_U46         |MadgwickAHRSupdathbi  |        0|      2|   324|    424|
    |MadgwickAHRSupdatibs_U58         |MadgwickAHRSupdatibs  |        0|      0|   832|    657|
    |grp_normalise_fu_402             |normalise             |        0|      5|   932|   1738|
    |grp_normalise_1_fu_394           |normalise_1           |        0|      5|  1020|   1860|
    +---------------------------------+----------------------+---------+-------+------+-------+
    |Total                            |                      |        0|    108| 13522|  22646|
    +---------------------------------+----------------------+---------+-------+------+-------+

    * DSP48: 
    N/A

    * Memory: 
    +-------+----------------------+---------+---+----+------+-----+------+-------------+
    | Memory|        Module        | BRAM_18K| FF| LUT| Words| Bits| Banks| W*Bits*Banks|
    +-------+----------------------+---------+---+----+------+-----+------+-------------+
    |q_U    |MadgwickAHRSupdatfYi  |        2|  0|   0|     4|   32|     1|          128|
    +-------+----------------------+---------+---+----+------+-----+------+-------------+
    |Total  |                      |        2|  0|   0|     4|   32|     1|          128|
    +-------+----------------------+---------+---+----+------+-----+------+-------------+

    * FIFO: 
    N/A

    * Expression: 
    +-----------------------------------+----------+-------+---+----+------------+------------+
    |           Variable Name           | Operation| DSP48E| FF| LUT| Bitwidth P0| Bitwidth P1|
    +-----------------------------------+----------+-------+---+----+------------+------------+
    |i_4_fu_1336_p2                     |     +    |      0|  0|  12|           3|           1|
    |i_fu_1209_p2                       |     +    |      0|  0|  12|           3|           1|
    |ap_block_state267_on_subcall_done  |    and   |      0|  0|   8|           1|           1|
    |tmp_232_fu_896_p2                  |    and   |      0|  0|   8|           1|           1|
    |tmp_237_fu_936_p2                  |    and   |      0|  0|   8|           1|           1|
    |tmp_242_fu_976_p2                  |    and   |      0|  0|   8|           1|           1|
    |tmp_247_fu_1030_p2                 |    and   |      0|  0|   8|           1|           1|
    |tmp_252_fu_1070_p2                 |    and   |      0|  0|   8|           1|           1|
    |tmp_257_fu_1110_p2                 |    and   |      0|  0|   8|           1|           1|
    |exitcond_i2_fu_1330_p2             |   icmp   |      0|  0|   9|           3|           4|
    |exitcond_i_fu_1203_p2              |   icmp   |      0|  0|   9|           3|           4|
    |notlhs3_fu_920_p2                  |   icmp   |      0|  0|  11|           8|           2|
    |notlhs4_fu_960_p2                  |   icmp   |      0|  0|  11|           8|           2|
    |notlhs5_fu_1014_p2                 |   icmp   |      0|  0|  11|           8|           2|
    |notlhs6_fu_1054_p2                 |   icmp   |      0|  0|  11|           8|           2|
    |notlhs7_fu_1094_p2                 |   icmp   |      0|  0|  11|           8|           2|
    |notlhs_fu_880_p2                   |   icmp   |      0|  0|  11|           8|           2|
    |notrhs3_fu_926_p2                  |   icmp   |      0|  0|  18|          23|           1|
    |notrhs4_fu_966_p2                  |   icmp   |      0|  0|  18|          23|           1|
    |notrhs5_fu_1020_p2                 |   icmp   |      0|  0|  18|          23|           1|
    |notrhs6_fu_1060_p2                 |   icmp   |      0|  0|  18|          23|           1|
    |notrhs7_fu_1100_p2                 |   icmp   |      0|  0|  18|          23|           1|
    |notrhs_fu_886_p2                   |   icmp   |      0|  0|  18|          23|           1|
    |sel_tmp7_fu_1243_p2                |   icmp   |      0|  0|   8|           2|           1|
    |sel_tmp9_fu_1277_p2                |   icmp   |      0|  0|   9|           2|           3|
    |sel_tmp_fu_1256_p2                 |   icmp   |      0|  0|   8|           2|           1|
    |ap_predicate_op1816_call_state267  |    or    |      0|  0|   8|           1|           1|
    |tmp_235_fu_932_p2                  |    or    |      0|  0|   8|           1|           1|
    |tmp_240_fu_972_p2                  |    or    |      0|  0|   8|           1|           1|
    |tmp_245_fu_1026_p2                 |    or    |      0|  0|   8|           1|           1|
    |tmp_250_fu_1066_p2                 |    or    |      0|  0|   8|           1|           1|
    |tmp_255_fu_1106_p2                 |    or    |      0|  0|   8|           1|           1|
    |tmp_87_fu_892_p2                   |    or    |      0|  0|   8|           1|           1|
    |qDot_3_10_fu_1290_p3               |  select  |      0|  0|  32|           1|          32|
    |qDot_3_11_fu_1298_p3               |  select  |      0|  0|  32|           1|          32|
    |qDot_3_12_fu_1306_p3               |  select  |      0|  0|  32|           1|          32|
    |qDot_3_13_fu_1314_p3               |  select  |      0|  0|  32|           1|          32|
    |qDot_3_1_fu_1322_p3                |  select  |      0|  0|  32|           1|          32|
    |qDot_3_6_fu_1248_p3                |  select  |      0|  0|  32|           1|          32|
    |qDot_3_7_fu_1261_p3                |  select  |      0|  0|  32|           1|          32|
    |qDot_3_8_fu_1269_p3                |  select  |      0|  0|  32|           1|          32|
    |qDot_3_9_fu_1282_p3                |  select  |      0|  0|  32|           1|          32|
    |tmp_144_neg_fu_1120_p2             |    xor   |      0|  0|  40|          32|          33|
    |tmp_160_neg_fu_1134_p2             |    xor   |      0|  0|  40|          32|          33|
    |tmp_180_neg_fu_1176_p2             |    xor   |      0|  0|  40|          32|          33|
    |tmp_225_neg_fu_1144_p2             |    xor   |      0|  0|  40|          32|          33|
    |tmp_232_neg_fu_1162_p2             |    xor   |      0|  0|  40|          32|          33|
    |tmp_82_neg_fu_986_p2               |    xor   |      0|  0|  40|          32|          33|
    +-----------------------------------+----------+-------+---+----+------------+------------+
    |Total                              |          |      0|  0| 881|         419|         533|
    +-----------------------------------+----------+-------+---+----+------------+------------+

    * Multiplexer: 
    +------------------------------+------+-----------+-----+-----------+
    |             Name             |  LUT | Input Size| Bits| Total Bits|
    +------------------------------+------+-----------+-----+-----------+
    |a_address0                    |    41|          8|    2|         16|
    |a_address1                    |    15|          3|    2|          6|
    |a_ce0                         |    21|          4|    1|          4|
    |a_d0                          |    21|          4|   32|        128|
    |a_we0                         |    21|          4|    1|          4|
    |ap_NS_fsm                     |  1221|        269|    1|        269|
    |g_address0                    |    27|          5|    2|         10|
    |g_address1                    |    15|          3|    2|          6|
    |g_ce0                         |    15|          3|    1|          3|
    |g_ce1                         |    15|          3|    1|          3|
    |grp_fu_410_opcode             |    15|          3|    2|          6|
    |grp_fu_410_p0                 |    59|         14|   32|        448|
    |grp_fu_410_p1                 |    56|         13|   32|        416|
    |grp_fu_414_opcode             |    15|          3|    2|          6|
    |grp_fu_414_p0                 |    44|          9|   32|        288|
    |grp_fu_414_p1                 |    59|         14|   32|        448|
    |grp_fu_418_opcode             |    15|          3|    2|          6|
    |grp_fu_418_p0                 |    47|         10|   32|        320|
    |grp_fu_418_p1                 |    50|         11|   32|        352|
    |grp_fu_422_opcode             |    15|          3|    2|          6|
    |grp_fu_422_p0                 |    38|          7|   32|        224|
    |grp_fu_422_p1                 |    44|          9|   32|        288|
    |grp_fu_429_opcode             |    15|          3|    2|          6|
    |grp_fu_429_p0                 |    21|          4|   32|        128|
    |grp_fu_429_p1                 |    21|          4|   32|        128|
    |grp_fu_433_p0                 |    15|          3|   32|         96|
    |grp_fu_433_p1                 |    15|          3|   32|         96|
    |grp_fu_445_p0                 |    97|         20|   32|        640|
    |grp_fu_445_p1                 |   105|         22|   32|        704|
    |grp_fu_449_p0                 |    59|         14|   32|        448|
    |grp_fu_449_p1                 |    85|         17|   32|        544|
    |grp_fu_453_p0                 |    50|         11|   32|        352|
    |grp_fu_453_p1                 |    53|         12|   32|        384|
    |grp_fu_457_p0                 |    50|         11|   32|        352|
    |grp_fu_457_p1                 |    53|         12|   32|        384|
    |grp_fu_461_p0                 |    44|          9|   32|        288|
    |grp_fu_461_p1                 |    44|          9|   32|        288|
    |grp_fu_465_p0                 |    38|          7|   32|        224|
    |grp_fu_465_p1                 |    38|          7|   32|        224|
    |grp_fu_469_p0                 |    33|          6|   32|        192|
    |grp_fu_469_p1                 |    33|          6|   32|        192|
    |grp_fu_473_p0                 |    27|          5|   32|        160|
    |grp_fu_473_p1                 |    27|          5|   32|        160|
    |grp_fu_496_p0                 |    15|          3|   32|         96|
    |grp_normalise_fu_402_in_r_q0  |    21|          4|   32|        128|
    |i_i2_reg_371                  |     9|          2|    3|          6|
    |i_i_reg_316                   |     9|          2|    3|          6|
    |m_address0                    |    33|          6|    2|         12|
    |m_address1                    |    21|          4|    2|          8|
    |m_ce0                         |    15|          3|    1|          3|
    |m_d0                          |    15|          3|   32|         96|
    |m_we0                         |    15|          3|    1|          3|
    |qDot_0_s_reg_327              |     9|          2|   32|         64|
    |qDot_1_s_reg_338              |     9|          2|   32|         64|
    |qDot_2_3_2_reg_349            |     9|          2|   32|         64|
    |qDot_2_3_reg_296              |     9|          2|   32|         64|
    |qDot_3_3_reg_276              |     9|          2|   32|         64|
    |qDot_3_4_reg_286              |     9|          2|   32|         64|
    |qDot_3_reg_306                |     9|          2|   32|         64|
    |qDot_3_s_reg_360              |     9|          2|   32|         64|
    |q_address0                    |    38|          7|    2|         14|
    |q_address1                    |    33|          6|    2|         12|
    |q_ce0                         |    21|          4|    1|          4|
    |q_ce1                         |    15|          3|    1|          3|
    |q_d0                          |    15|          3|   32|         96|
    |q_d1                          |    15|          3|   32|         96|
    |q_we0                         |    15|          3|    1|          3|
    |q_we1                         |    15|          3|    1|          3|
    |reg_506                       |     9|          2|   32|         64|
    |reg_515                       |     9|          2|   32|         64|
    |reg_529                       |     9|          2|   32|         64|
    |reg_543                       |     9|          2|   32|         64|
    |reg_675                       |     9|          2|   32|         64|
    +------------------------------+------+-----------+-----+-----------+
    |Total                         |  3229|        683| 1547|      10668|
    +------------------------------+------+-----------+-----+-----------+

    * Register: 
    +-------------------------------------------------+-----+----+-----+-----------+
    |                       Name                      |  FF | LUT| Bits| Const Bits|
    +-------------------------------------------------+-----+----+-----+-----------+
    |a_load_9_reg_1588                                |   32|   0|   32|          0|
    |ap_CS_fsm                                        |  268|   0|  268|          0|
    |ap_reg_grp_MadgwickAHRSupdateIM_fu_382_ap_start  |    1|   0|    1|          0|
    |ap_reg_grp_normalise_1_fu_394_ap_start           |    1|   0|    1|          0|
    |ap_reg_grp_normalise_fu_402_ap_start             |    1|   0|    1|          0|
    |beta                                             |    0|   0|   32|         32|
    |g_load_3_reg_1449                                |   32|   0|   32|          0|
    |g_load_4_reg_1456                                |   32|   0|   32|          0|
    |g_load_reg_1427                                  |   32|   0|   32|          0|
    |i_4_reg_1757                                     |    3|   0|    3|          0|
    |i_i2_reg_371                                     |    3|   0|    3|          0|
    |i_i_reg_316                                      |    3|   0|    3|          0|
    |i_reg_1711                                       |    3|   0|    3|          0|
    |m_load_4_reg_1531                                |   32|   0|   32|          0|
    |m_load_5_reg_1566                                |   32|   0|   32|          0|
    |notlhs3_reg_1389                                 |    1|   0|    1|          0|
    |notlhs4_reg_1408                                 |    1|   0|    1|          0|
    |notlhs5_reg_1474                                 |    1|   0|    1|          0|
    |notlhs6_reg_1493                                 |    1|   0|    1|          0|
    |notlhs7_reg_1512                                 |    1|   0|    1|          0|
    |notlhs_reg_1370                                  |    1|   0|    1|          0|
    |notrhs3_reg_1394                                 |    1|   0|    1|          0|
    |notrhs4_reg_1413                                 |    1|   0|    1|          0|
    |notrhs5_reg_1479                                 |    1|   0|    1|          0|
    |notrhs6_reg_1498                                 |    1|   0|    1|          0|
    |notrhs7_reg_1517                                 |    1|   0|    1|          0|
    |notrhs_reg_1375                                  |    1|   0|    1|          0|
    |p_2bx_reg_1593                                   |   32|   0|   32|          0|
    |p_2q1_reg_1576                                   |   32|   0|   32|          0|
    |qDot_0_s_reg_327                                 |   32|   0|   32|          0|
    |qDot_1_s_reg_338                                 |   32|   0|   32|          0|
    |qDot_2_3_2_reg_349                               |   32|   0|   32|          0|
    |qDot_2_3_reg_296                                 |   32|   0|   32|          0|
    |qDot_3_3_reg_276                                 |   32|   0|   32|          0|
    |qDot_3_4_reg_286                                 |   32|   0|   32|          0|
    |qDot_3_reg_306                                   |   32|   0|   32|          0|
    |qDot_3_s_reg_360                                 |   32|   0|   32|          0|
    |q_addr_reg_1767                                  |    2|   0|    2|          0|
    |q_load_13_reg_1540                               |   32|   0|   32|          0|
    |reg_506                                          |   32|   0|   32|          0|
    |reg_515                                          |   32|   0|   32|          0|
    |reg_529                                          |   32|   0|   32|          0|
    |reg_543                                          |   32|   0|   32|          0|
    |reg_557                                          |   32|   0|   32|          0|
    |reg_565                                          |   32|   0|   32|          0|
    |reg_573                                          |   32|   0|   32|          0|
    |reg_581                                          |   32|   0|   32|          0|
    |reg_589                                          |   32|   0|   32|          0|
    |reg_597                                          |   32|   0|   32|          0|
    |reg_604                                          |   32|   0|   32|          0|
    |reg_612                                          |   32|   0|   32|          0|
    |reg_618                                          |   32|   0|   32|          0|
    |reg_636                                          |   32|   0|   32|          0|
    |reg_651                                          |   32|   0|   32|          0|
    |reg_665                                          |   32|   0|   32|          0|
    |reg_675                                          |   32|   0|   32|          0|
    |reg_683                                          |   32|   0|   32|          0|
    |reg_692                                          |   32|   0|   32|          0|
    |reg_703                                          |   32|   0|   32|          0|
    |reg_717                                          |   32|   0|   32|          0|
    |reg_727                                          |   32|   0|   32|          0|
    |reg_737                                          |   32|   0|   32|          0|
    |reg_744                                          |   32|   0|   32|          0|
    |reg_752                                          |   32|   0|   32|          0|
    |reg_767                                          |   32|   0|   32|          0|
    |reg_774                                          |   32|   0|   32|          0|
    |reg_783                                          |   32|   0|   32|          0|
    |reg_789                                          |   32|   0|   32|          0|
    |reg_798                                          |   32|   0|   32|          0|
    |reg_804                                          |   32|   0|   32|          0|
    |reg_811                                          |   32|   0|   32|          0|
    |reg_818                                          |   32|   0|   32|          0|
    |reg_824                                          |   32|   0|   32|          0|
    |reg_829                                          |   32|   0|   32|          0|
    |reg_836                                          |   32|   0|   32|          0|
    |reg_843                                          |   32|   0|   32|          0|
    |reg_850                                          |   32|   0|   32|          0|
    |reg_856                                          |   32|   0|   32|          0|
    |s_0_2_reg_1698                                   |   32|   0|   32|          0|
    |s_1_2_reg_1693                                   |   32|   0|   32|          0|
    |s_2_2_reg_1688                                   |   32|   0|   32|          0|
    |tmp_144_neg_reg_1551                             |   32|   0|   32|          0|
    |tmp_160_neg_reg_1616                             |   32|   0|   32|          0|
    |tmp_173_reg_1606                                 |   32|   0|   32|          0|
    |tmp_180_neg_reg_1657                             |   32|   0|   32|          0|
    |tmp_193_reg_1683                                 |   32|   0|   32|          0|
    |tmp_202_reg_1641                                 |   32|   0|   32|          0|
    |tmp_210_reg_1678                                 |   32|   0|   32|          0|
    |tmp_217_reg_1668                                 |   32|   0|   32|          0|
    |tmp_220_reg_1652                                 |   32|   0|   32|          0|
    |tmp_225_neg_reg_1621                             |   32|   0|   32|          0|
    |tmp_227_reg_1673                                 |   32|   0|   32|          0|
    |tmp_232_neg_reg_1636                             |   32|   0|   32|          0|
    |tmp_232_reg_1380                                 |    1|   0|    1|          0|
    |tmp_237_reg_1399                                 |    1|   0|    1|          0|
    |tmp_242_reg_1418                                 |    1|   0|    1|          0|
    |tmp_247_reg_1484                                 |    1|   0|    1|          0|
    |tmp_252_reg_1503                                 |    1|   0|    1|          0|
    |tmp_257_reg_1522                                 |    1|   0|    1|          0|
    |tmp_258_reg_1724                                 |   32|   0|   32|          0|
    |tmp_259_reg_1729                                 |   32|   0|   32|          0|
    |tmp_260_reg_1762                                 |   32|   0|   32|          0|
    |tmp_261_reg_1716                                 |    2|   0|    2|          0|
    |tmp_82_neg_reg_1444                              |   32|   0|   32|          0|
    +-------------------------------------------------+-----+----+-----+-----------+
    |Total                                            | 2705|   0| 2737|         32|
    +-------------------------------------------------+-----+----+-----+-----------+



================================================================
== Interface
================================================================
* Summary: 
+------------+-----+-----+------------+--------------------+--------------+
|  RTL Ports | Dir | Bits|  Protocol  |    Source Object   |    C Type    |
+------------+-----+-----+------------+--------------------+--------------+
|ap_clk      |  in |    1| ap_ctrl_hs | MadgwickAHRSupdate | return value |
|ap_rst      |  in |    1| ap_ctrl_hs | MadgwickAHRSupdate | return value |
|ap_start    |  in |    1| ap_ctrl_hs | MadgwickAHRSupdate | return value |
|ap_done     | out |    1| ap_ctrl_hs | MadgwickAHRSupdate | return value |
|ap_idle     | out |    1| ap_ctrl_hs | MadgwickAHRSupdate | return value |
|ap_ready    | out |    1| ap_ctrl_hs | MadgwickAHRSupdate | return value |
|g_address0  | out |    2|  ap_memory |          g         |     array    |
|g_ce0       | out |    1|  ap_memory |          g         |     array    |
|g_we0       | out |    1|  ap_memory |          g         |     array    |
|g_d0        | out |   32|  ap_memory |          g         |     array    |
|g_q0        |  in |   32|  ap_memory |          g         |     array    |
|g_address1  | out |    2|  ap_memory |          g         |     array    |
|g_ce1       | out |    1|  ap_memory |          g         |     array    |
|g_q1        |  in |   32|  ap_memory |          g         |     array    |
|a_address0  | out |    2|  ap_memory |          a         |     array    |
|a_ce0       | out |    1|  ap_memory |          a         |     array    |
|a_we0       | out |    1|  ap_memory |          a         |     array    |
|a_d0        | out |   32|  ap_memory |          a         |     array    |
|a_q0        |  in |   32|  ap_memory |          a         |     array    |
|a_address1  | out |    2|  ap_memory |          a         |     array    |
|a_ce1       | out |    1|  ap_memory |          a         |     array    |
|a_q1        |  in |   32|  ap_memory |          a         |     array    |
|m_address0  | out |    2|  ap_memory |          m         |     array    |
|m_ce0       | out |    1|  ap_memory |          m         |     array    |
|m_we0       | out |    1|  ap_memory |          m         |     array    |
|m_d0        | out |   32|  ap_memory |          m         |     array    |
|m_q0        |  in |   32|  ap_memory |          m         |     array    |
|m_address1  | out |    2|  ap_memory |          m         |     array    |
|m_ce1       | out |    1|  ap_memory |          m         |     array    |
|m_q1        |  in |   32|  ap_memory |          m         |     array    |
+------------+-----+-----+------------+--------------------+--------------+

