#
# An unexpected error has occurred (11)
#
Stack:
/lib/x86_64-linux-gnu/libc.so.6(+0x354b0) [0x7f625cd924b0]
/opt/Xilinx/Vivado/2017.3/lib/lnx64.o/libhls_hwsyn.so(pass::ArrayPartition::cloneIndexScalarEvolution(llvm::ValueMap<llvm::Value const*, llvm::WeakVH, llvm::ValueMapConfig<llvm::Value const*> >&)+0xad) [0x7f624a163fcd]
/opt/Xilinx/Vivado/2017.3/lib/lnx64.o/libhls_hwsyn.so(pass::ArrayPartition::createOrFindFunc(llvm::Function*, std::vector<pass::ArrayPartitionInfo, std::allocator<pass::ArrayPartitionInfo> >&, std::vector<llvm::Value*, std::allocator<llvm::Value*> >&)+0x1f3f) [0x7f624a170e6f]
/opt/Xilinx/Vivado/2017.3/lib/lnx64.o/libhls_hwsyn.so(pass::ArrayPartition::updateFunctionArg(llvm::Instruction*, llvm::Function*)+0x7b2) [0x7f624a1726d2]
/opt/Xilinx/Vivado/2017.3/lib/lnx64.o/libhls_hwsyn.so(pass::ArrayPartition::runOnModule(llvm::Module&)+0x3be) [0x7f624a17389e]
/opt/Xilinx/Vivado/2017.3/lib/lnx64.o/libLLVM-3.1.so(llvm::MPPassManager::runOnModule(llvm::Module&)+0x182) [0x7f624b4cfe92]
/opt/Xilinx/Vivado/2017.3/lib/lnx64.o/libLLVM-3.1.so(llvm::PassManagerImpl::run(llvm::Module&)+0xac) [0x7f624b4d004c]
/opt/Xilinx/Vivado/2017.3/lib/lnx64.o/libhls_main.so(+0x15fcfa) [0x7f624c9eecfa]
/opt/Xilinx/Vivado/2017.3/lib/lnx64.o/libhls_support.so(xpcl::TclCommand::callback(int, Tcl_Obj* const*)+0x158b) [0x7f624c6497db]
/opt/Xilinx/Vivado/2017.3/lib/lnx64.o/libhls_support.so(+0x6cf12) [0x7f624c649f12]
/opt/Xilinx/Vivado/2017.3/lib/lnx64.o/libtcl8.5.so(+0x334af) [0x7f62588fc4af]
/opt/Xilinx/Vivado/2017.3/lib/lnx64.o/libtcl8.5.so(+0x76875) [0x7f625893f875]
/opt/Xilinx/Vivado/2017.3/lib/lnx64.o/libtcl8.5.so(+0x7e029) [0x7f6258947029]
/opt/Xilinx/Vivado/2017.3/lib/lnx64.o/libtcl8.5.so(TclEvalObjEx+0x76) [0x7f62588fe156]
/opt/Xilinx/Vivado/2017.3/lib/lnx64.o/librdi_commontasks.so(+0x1b2297) [0x7f624f1da297]
/opt/Xilinx/Vivado/2017.3/lib/lnx64.o/libtcl8.5.so(+0x334af) [0x7f62588fc4af]
/opt/Xilinx/Vivado/2017.3/lib/lnx64.o/libtcl8.5.so(+0x76875) [0x7f625893f875]
/opt/Xilinx/Vivado/2017.3/lib/lnx64.o/libtcl8.5.so(TclObjInterpProcCore+0x420) [0x7f6258980df0]
/opt/Xilinx/Vivado/2017.3/lib/lnx64.o/libtcl8.5.so(+0x334af) [0x7f62588fc4af]
/opt/Xilinx/Vivado/2017.3/lib/lnx64.o/libtcl8.5.so(+0x76875) [0x7f625893f875]
/opt/Xilinx/Vivado/2017.3/lib/lnx64.o/libtcl8.5.so(+0x7e029) [0x7f6258947029]
/opt/Xilinx/Vivado/2017.3/lib/lnx64.o/libtcl8.5.so(TclEvalObjEx+0x76) [0x7f62588fe156]
/opt/Xilinx/Vivado/2017.3/lib/lnx64.o/librdi_commontasks.so(+0x1b2297) [0x7f624f1da297]
/opt/Xilinx/Vivado/2017.3/lib/lnx64.o/libtcl8.5.so(+0x334af) [0x7f62588fc4af]
/opt/Xilinx/Vivado/2017.3/lib/lnx64.o/libtcl8.5.so(+0x76875) [0x7f625893f875]
/opt/Xilinx/Vivado/2017.3/lib/lnx64.o/libtcl8.5.so(TclObjInterpProcCore+0x420) [0x7f6258980df0]
/opt/Xilinx/Vivado/2017.3/lib/lnx64.o/libtcl8.5.so(+0x334af) [0x7f62588fc4af]
/opt/Xilinx/Vivado/2017.3/lib/lnx64.o/libtcl8.5.so(+0x76875) [0x7f625893f875]
/opt/Xilinx/Vivado/2017.3/lib/lnx64.o/libtcl8.5.so(TclObjInterpProcCore+0x420) [0x7f6258980df0]
/opt/Xilinx/Vivado/2017.3/lib/lnx64.o/libtcl8.5.so(+0x334af) [0x7f62588fc4af]
/opt/Xilinx/Vivado/2017.3/lib/lnx64.o/libtcl8.5.so(+0x76875) [0x7f625893f875]
/opt/Xilinx/Vivado/2017.3/lib/lnx64.o/libtcl8.5.so(+0x7e029) [0x7f6258947029]
/opt/Xilinx/Vivado/2017.3/lib/lnx64.o/libtcl8.5.so(TclEvalObjEx+0x76) [0x7f62588fe156]
/opt/Xilinx/Vivado/2017.3/lib/lnx64.o/librdi_commontasks.so(+0x1b2297) [0x7f624f1da297]
/opt/Xilinx/Vivado/2017.3/lib/lnx64.o/libtcl8.5.so(+0x334af) [0x7f62588fc4af]
/opt/Xilinx/Vivado/2017.3/lib/lnx64.o/libtcl8.5.so(+0x34b38) [0x7f62588fdb38]
/opt/Xilinx/Vivado/2017.3/lib/lnx64.o/libtcl8.5.so(+0xad486) [0x7f6258976486]
/opt/Xilinx/Vivado/2017.3/lib/lnx64.o/libtcl8.5.so(+0x346c5) [0x7f62588fd6c5]
/opt/Xilinx/Vivado/2017.3/lib/lnx64.o/libtcl8.5.so(Tcl_EvalEx+0x13) [0x7f62588fe0a3]
/opt/Xilinx/Vivado/2017.3/lib/lnx64.o/libtcl8.5.so(Tcl_Eval+0x15) [0x7f62588fe0c5]
/opt/Xilinx/Vivado/2017.3/lib/lnx64.o/libhls_main.so(+0x1286c0) [0x7f624c9b76c0]
/opt/Xilinx/Vivado/2017.3/lib/lnx64.o/libhls_support.so(xpcl::TclCommand::callback(int, Tcl_Obj* const*)+0xbde) [0x7f624c648e2e]
/opt/Xilinx/Vivado/2017.3/lib/lnx64.o/libhls_support.so(+0x6cf12) [0x7f624c649f12]
/opt/Xilinx/Vivado/2017.3/lib/lnx64.o/libtcl8.5.so(+0x334af) [0x7f62588fc4af]
/opt/Xilinx/Vivado/2017.3/lib/lnx64.o/libtcl8.5.so(+0x76875) [0x7f625893f875]
/opt/Xilinx/Vivado/2017.3/lib/lnx64.o/libtcl8.5.so(TclObjInterpProcCore+0x420) [0x7f6258980df0]
/opt/Xilinx/Vivado/2017.3/lib/lnx64.o/libtcl8.5.so(+0x334af) [0x7f62588fc4af]
/opt/Xilinx/Vivado/2017.3/lib/lnx64.o/libtcl8.5.so(+0x76875) [0x7f625893f875]
/opt/Xilinx/Vivado/2017.3/lib/lnx64.o/libtcl8.5.so(+0x7e029) [0x7f6258947029]
/opt/Xilinx/Vivado/2017.3/lib/lnx64.o/libtcl8.5.so(TclEvalObjEx+0x76) [0x7f62588fe156]
/opt/Xilinx/Vivado/2017.3/lib/lnx64.o/librdi_commontasks.so(+0x1b2297) [0x7f624f1da297]
/opt/Xilinx/Vivado/2017.3/lib/lnx64.o/libtcl8.5.so(+0x334af) [0x7f62588fc4af]
/opt/Xilinx/Vivado/2017.3/lib/lnx64.o/libtcl8.5.so(+0x34b38) [0x7f62588fdb38]
/opt/Xilinx/Vivado/2017.3/lib/lnx64.o/libtcl8.5.so(+0xad486) [0x7f6258976486]
/opt/Xilinx/Vivado/2017.3/lib/lnx64.o/libtcl8.5.so(+0x346c5) [0x7f62588fd6c5]
/opt/Xilinx/Vivado/2017.3/lib/lnx64.o/libtcl8.5.so(Tcl_EvalEx+0x13) [0x7f62588fe0a3]
/opt/Xilinx/Vivado/2017.3/lib/lnx64.o/libtcl8.5.so(Tcl_Eval+0x15) [0x7f62588fe0c5]
/opt/Xilinx/Vivado/2017.3/lib/lnx64.o/libhls_main.so(+0x1286c0) [0x7f624c9b76c0]
/opt/Xilinx/Vivado/2017.3/lib/lnx64.o/libhls_support.so(xpcl::TclCommand::callback(int, Tcl_Obj* const*)+0xbde) [0x7f624c648e2e]
/opt/Xilinx/Vivado/2017.3/lib/lnx64.o/libhls_support.so(+0x6cf12) [0x7f624c649f12]
/opt/Xilinx/Vivado/2017.3/lib/lnx64.o/libtcl8.5.so(+0x334af) [0x7f62588fc4af]
/opt/Xilinx/Vivado/2017.3/lib/lnx64.o/libtcl8.5.so(+0x76875) [0x7f625893f875]
/opt/Xilinx/Vivado/2017.3/lib/lnx64.o/libtcl8.5.so(TclObjInterpProcCore+0x420) [0x7f6258980df0]
/opt/Xilinx/Vivado/2017.3/lib/lnx64.o/libtcl8.5.so(+0x334af) [0x7f62588fc4af]
/opt/Xilinx/Vivado/2017.3/lib/lnx64.o/libtcl8.5.so(+0x76875) [0x7f625893f875]
/opt/Xilinx/Vivado/2017.3/lib/lnx64.o/libtcl8.5.so(+0x7e029) [0x7f6258947029]
/opt/Xilinx/Vivado/2017.3/lib/lnx64.o/libtcl8.5.so(TclEvalObjEx+0x76) [0x7f62588fe156]
/opt/Xilinx/Vivado/2017.3/lib/lnx64.o/librdi_commontasks.so(+0x1b2297) [0x7f624f1da297]
/opt/Xilinx/Vivado/2017.3/lib/lnx64.o/libtcl8.5.so(+0x334af) [0x7f62588fc4af]
/opt/Xilinx/Vivado/2017.3/lib/lnx64.o/libtcl8.5.so(+0x34b38) [0x7f62588fdb38]
/opt/Xilinx/Vivado/2017.3/lib/lnx64.o/libtcl8.5.so(+0xad486) [0x7f6258976486]
/opt/Xilinx/Vivado/2017.3/lib/lnx64.o/libtcl8.5.so(+0x346c5) [0x7f62588fd6c5]
/opt/Xilinx/Vivado/2017.3/lib/lnx64.o/libtcl8.5.so(Tcl_EvalEx+0x13) [0x7f62588fe0a3]
/opt/Xilinx/Vivado/2017.3/lib/lnx64.o/libtcl8.5.so(Tcl_Eval+0x15) [0x7f62588fe0c5]
/opt/Xilinx/Vivado/2017.3/lib/lnx64.o/libhls_main.so(+0x1286c0) [0x7f624c9b76c0]
/opt/Xilinx/Vivado/2017.3/lib/lnx64.o/libhls_support.so(xpcl::TclCommand::callback(int, Tcl_Obj* const*)+0xbde) [0x7f624c648e2e]
/opt/Xilinx/Vivado/2017.3/lib/lnx64.o/libhls_support.so(+0x6cf12) [0x7f624c649f12]
/opt/Xilinx/Vivado/2017.3/lib/lnx64.o/libtcl8.5.so(+0x334af) [0x7f62588fc4af]
/opt/Xilinx/Vivado/2017.3/lib/lnx64.o/libtcl8.5.so(+0x34b38) [0x7f62588fdb38]
/opt/Xilinx/Vivado/2017.3/lib/lnx64.o/libtcl8.5.so(Tcl_EvalEx+0x13) [0x7f62588fe0a3]
/opt/Xilinx/Vivado/2017.3/lib/lnx64.o/libtcl8.5.so(Tcl_FSEvalFileEx+0x1da) [0x7f6258962c5a]
/opt/Xilinx/Vivado/2017.3/lib/lnx64.o/libhls_main.so(ApSourceTclFile(std::__cxx11::basic_string<char, std::char_traits<char>, std::allocator<char> > const&, char const*)+0x77) [0x7f624c9b2aa7]
/opt/Xilinx/Vivado/2017.3/lib/lnx64.o/libhls_main.so(+0x1281a9) [0x7f624c9b71a9]
/opt/Xilinx/Vivado/2017.3/lib/lnx64.o/libhls_support.so(xpcl::TclCommand::callback(int, Tcl_Obj* const*)+0xbde) [0x7f624c648e2e]
/opt/Xilinx/Vivado/2017.3/lib/lnx64.o/libhls_support.so(+0x6cf12) [0x7f624c649f12]
/opt/Xilinx/Vivado/2017.3/lib/lnx64.o/libtcl8.5.so(+0x334af) [0x7f62588fc4af]
/opt/Xilinx/Vivado/2017.3/lib/lnx64.o/libtcl8.5.so(Tcl_EvalObjv+0x32) [0x7f62588fc5e2]
/opt/Xilinx/Vivado/2017.3/lib/lnx64.o/libtcl8.5.so(TclEvalObjEx+0x322) [0x7f62588fe402]
/opt/Xilinx/Vivado/2017.3/lib/lnx64.o/librdi_hlstasks.so(+0x8fe9) [0x7f624cdf8fe9]
/opt/Xilinx/Vivado/2017.3/lib/lnx64.o/librdi_common.so(+0x7449b2) [0x7f625e00c9b2]
/opt/Xilinx/Vivado/2017.3/lib/lnx64.o/libtcl8.5.so(+0x334af) [0x7f62588fc4af]
/opt/Xilinx/Vivado/2017.3/lib/lnx64.o/libtcl8.5.so(+0x34b38) [0x7f62588fdb38]
/opt/Xilinx/Vivado/2017.3/lib/lnx64.o/libtcl8.5.so(Tcl_EvalEx+0x13) [0x7f62588fe0a3]
/opt/Xilinx/Vivado/2017.3/lib/lnx64.o/libtcl8.5.so(TclEvalObjEx+0x3cf) [0x7f62588fe4af]
/opt/Xilinx/Vivado/2017.3/lib/lnx64.o/libtcl8.5.so(+0xb74a9) [0x7f62589804a9]
/opt/Xilinx/Vivado/2017.3/lib/lnx64.o/libtcl8.5.so(+0x334af) [0x7f62588fc4af]
/opt/Xilinx/Vivado/2017.3/lib/lnx64.o/libtcl8.5.so(+0x76875) [0x7f625893f875]
/opt/Xilinx/Vivado/2017.3/lib/lnx64.o/libtcl8.5.so(TclObjInterpProcCore+0x420) [0x7f6258980df0]
/opt/Xilinx/Vivado/2017.3/lib/lnx64.o/libtcl8.5.so(+0x334af) [0x7f62588fc4af]
/opt/Xilinx/Vivado/2017.3/lib/lnx64.o/libtcl8.5.so(+0x76875) [0x7f625893f875]
/opt/Xilinx/Vivado/2017.3/lib/lnx64.o/libtcl8.5.so(+0x7e029) [0x7f6258947029]
/opt/Xilinx/Vivado/2017.3/lib/lnx64.o/libtcl8.5.so(TclEvalObjEx+0x76) [0x7f62588fe156]
/opt/Xilinx/Vivado/2017.3/lib/lnx64.o/librdi_commontasks.so(+0x1b2334) [0x7f624f1da334]
/opt/Xilinx/Vivado/2017.3/lib/lnx64.o/libtcl8.5.so(+0x334af) [0x7f62588fc4af]
/opt/Xilinx/Vivado/2017.3/lib/lnx64.o/libtcl8.5.so(+0x34b38) [0x7f62588fdb38]
/opt/Xilinx/Vivado/2017.3/lib/lnx64.o/libtcl8.5.so(+0xad486) [0x7f6258976486]
/opt/Xilinx/Vivado/2017.3/lib/lnx64.o/libtcl8.5.so(+0x346c5) [0x7f62588fd6c5]
/opt/Xilinx/Vivado/2017.3/lib/lnx64.o/libtcl8.5.so(Tcl_EvalEx+0x13) [0x7f62588fe0a3]
/opt/Xilinx/Vivado/2017.3/lib/lnx64.o/libtcl8.5.so(Tcl_FSEvalFileEx+0x1da) [0x7f6258962c5a]
/opt/Xilinx/Vivado/2017.3/lib/lnx64.o/librdi_commontasks.so(+0x1cf4cd) [0x7f624f1f74cd]
/opt/Xilinx/Vivado/2017.3/lib/lnx64.o/librdi_common.so(+0x7449b2) [0x7f625e00c9b2]
/opt/Xilinx/Vivado/2017.3/lib/lnx64.o/libtcl8.5.so(+0x334af) [0x7f62588fc4af]
/opt/Xilinx/Vivado/2017.3/lib/lnx64.o/libtcl8.5.so(Tcl_EvalObjv+0x32) [0x7f62588fc5e2]
/opt/Xilinx/Vivado/2017.3/lib/lnx64.o/libtcl8.5.so(TclEvalObjEx+0x322) [0x7f62588fe402]
/opt/Xilinx/Vivado/2017.3/lib/lnx64.o/librdi_commontasks.so(+0x200aef) [0x7f624f228aef]
/opt/Xilinx/Vivado/2017.3/lib/lnx64.o/librdi_commontasks.so(+0x2021be) [0x7f624f22a1be]
/opt/Xilinx/Vivado/2017.3/lib/lnx64.o/librdi_common.so(+0x7449b2) [0x7f625e00c9b2]
/opt/Xilinx/Vivado/2017.3/lib/lnx64.o/libtcl8.5.so(+0x334af) [0x7f62588fc4af]
/opt/Xilinx/Vivado/2017.3/lib/lnx64.o/libtcl8.5.so(Tcl_EvalObjv+0x32) [0x7f62588fc5e2]
/opt/Xilinx/Vivado/2017.3/lib/lnx64.o/libtcl8.5.so(TclEvalObjEx+0x322) [0x7f62588fe402]
/opt/Xilinx/Vivado/2017.3/lib/lnx64.o/librdi_commonmain.so(+0x7414) [0x7f625d6c4414]
/opt/Xilinx/Vivado/2017.3/lib/lnx64.o/libtcl8.5.so(Tcl_Main+0x1d0) [0x7f6258969210]
/opt/Xilinx/Vivado/2017.3/lib/lnx64.o/librdi_common.so(+0x7877ab) [0x7f625e04f7ab]
/lib/x86_64-linux-gnu/libpthread.so.0(+0x76ba) [0x7f625691e6ba]
/lib/x86_64-linux-gnu/libc.so.6(clone+0x6d) [0x7f625ce643dd]
