#
# An unexpected error has occurred (11)
#
Stack:
/lib/x86_64-linux-gnu/libc.so.6(+0x354b0) [0x7f5b770644b0]
/opt/Xilinx/Vivado/2017.3/lib/lnx64.o/libhls_hwsyn.so(pass::ArrayPartition::cloneIndexScalarEvolution(llvm::ValueMap<llvm::Value const*, llvm::WeakVH, llvm::ValueMapConfig<llvm::Value const*> >&)+0xad) [0x7f5b64372fcd]
/opt/Xilinx/Vivado/2017.3/lib/lnx64.o/libhls_hwsyn.so(pass::ArrayPartition::createOrFindFunc(llvm::Function*, std::vector<pass::ArrayPartitionInfo, std::allocator<pass::ArrayPartitionInfo> >&, std::vector<llvm::Value*, std::allocator<llvm::Value*> >&)+0x1f3f) [0x7f5b6437fe6f]
/opt/Xilinx/Vivado/2017.3/lib/lnx64.o/libhls_hwsyn.so(pass::ArrayPartition::updateFunctionArg(llvm::Instruction*, llvm::Function*)+0x7b2) [0x7f5b643816d2]
/opt/Xilinx/Vivado/2017.3/lib/lnx64.o/libhls_hwsyn.so(pass::ArrayPartition::runOnModule(llvm::Module&)+0x3be) [0x7f5b6438289e]
/opt/Xilinx/Vivado/2017.3/lib/lnx64.o/libLLVM-3.1.so(llvm::MPPassManager::runOnModule(llvm::Module&)+0x182) [0x7f5b656dee92]
/opt/Xilinx/Vivado/2017.3/lib/lnx64.o/libLLVM-3.1.so(llvm::PassManagerImpl::run(llvm::Module&)+0xac) [0x7f5b656df04c]
/opt/Xilinx/Vivado/2017.3/lib/lnx64.o/libhls_main.so(+0x15fcfa) [0x7f5b66bfdcfa]
/opt/Xilinx/Vivado/2017.3/lib/lnx64.o/libhls_support.so(xpcl::TclCommand::callback(int, Tcl_Obj* const*)+0x158b) [0x7f5b668587db]
/opt/Xilinx/Vivado/2017.3/lib/lnx64.o/libhls_support.so(+0x6cf12) [0x7f5b66858f12]
/opt/Xilinx/Vivado/2017.3/lib/lnx64.o/libtcl8.5.so(+0x334af) [0x7f5b72bce4af]
/opt/Xilinx/Vivado/2017.3/lib/lnx64.o/libtcl8.5.so(+0x76875) [0x7f5b72c11875]
/opt/Xilinx/Vivado/2017.3/lib/lnx64.o/libtcl8.5.so(+0x7e029) [0x7f5b72c19029]
/opt/Xilinx/Vivado/2017.3/lib/lnx64.o/libtcl8.5.so(TclEvalObjEx+0x76) [0x7f5b72bd0156]
/opt/Xilinx/Vivado/2017.3/lib/lnx64.o/librdi_commontasks.so(+0x1b2297) [0x7f5b6d6b2297]
/opt/Xilinx/Vivado/2017.3/lib/lnx64.o/libtcl8.5.so(+0x334af) [0x7f5b72bce4af]
/opt/Xilinx/Vivado/2017.3/lib/lnx64.o/libtcl8.5.so(+0x76875) [0x7f5b72c11875]
/opt/Xilinx/Vivado/2017.3/lib/lnx64.o/libtcl8.5.so(TclObjInterpProcCore+0x420) [0x7f5b72c52df0]
/opt/Xilinx/Vivado/2017.3/lib/lnx64.o/libtcl8.5.so(+0x334af) [0x7f5b72bce4af]
/opt/Xilinx/Vivado/2017.3/lib/lnx64.o/libtcl8.5.so(+0x76875) [0x7f5b72c11875]
/opt/Xilinx/Vivado/2017.3/lib/lnx64.o/libtcl8.5.so(+0x7e029) [0x7f5b72c19029]
/opt/Xilinx/Vivado/2017.3/lib/lnx64.o/libtcl8.5.so(TclEvalObjEx+0x76) [0x7f5b72bd0156]
/opt/Xilinx/Vivado/2017.3/lib/lnx64.o/librdi_commontasks.so(+0x1b2297) [0x7f5b6d6b2297]
/opt/Xilinx/Vivado/2017.3/lib/lnx64.o/libtcl8.5.so(+0x334af) [0x7f5b72bce4af]
/opt/Xilinx/Vivado/2017.3/lib/lnx64.o/libtcl8.5.so(+0x76875) [0x7f5b72c11875]
/opt/Xilinx/Vivado/2017.3/lib/lnx64.o/libtcl8.5.so(TclObjInterpProcCore+0x420) [0x7f5b72c52df0]
/opt/Xilinx/Vivado/2017.3/lib/lnx64.o/libtcl8.5.so(+0x334af) [0x7f5b72bce4af]
/opt/Xilinx/Vivado/2017.3/lib/lnx64.o/libtcl8.5.so(+0x76875) [0x7f5b72c11875]
/opt/Xilinx/Vivado/2017.3/lib/lnx64.o/libtcl8.5.so(TclObjInterpProcCore+0x420) [0x7f5b72c52df0]
/opt/Xilinx/Vivado/2017.3/lib/lnx64.o/libtcl8.5.so(+0x334af) [0x7f5b72bce4af]
/opt/Xilinx/Vivado/2017.3/lib/lnx64.o/libtcl8.5.so(+0x76875) [0x7f5b72c11875]
/opt/Xilinx/Vivado/2017.3/lib/lnx64.o/libtcl8.5.so(+0x7e029) [0x7f5b72c19029]
/opt/Xilinx/Vivado/2017.3/lib/lnx64.o/libtcl8.5.so(TclEvalObjEx+0x76) [0x7f5b72bd0156]
/opt/Xilinx/Vivado/2017.3/lib/lnx64.o/librdi_commontasks.so(+0x1b2297) [0x7f5b6d6b2297]
/opt/Xilinx/Vivado/2017.3/lib/lnx64.o/libtcl8.5.so(+0x334af) [0x7f5b72bce4af]
/opt/Xilinx/Vivado/2017.3/lib/lnx64.o/libtcl8.5.so(+0x34b38) [0x7f5b72bcfb38]
/opt/Xilinx/Vivado/2017.3/lib/lnx64.o/libtcl8.5.so(+0xad486) [0x7f5b72c48486]
/opt/Xilinx/Vivado/2017.3/lib/lnx64.o/libtcl8.5.so(+0x346c5) [0x7f5b72bcf6c5]
/opt/Xilinx/Vivado/2017.3/lib/lnx64.o/libtcl8.5.so(Tcl_EvalEx+0x13) [0x7f5b72bd00a3]
/opt/Xilinx/Vivado/2017.3/lib/lnx64.o/libtcl8.5.so(Tcl_Eval+0x15) [0x7f5b72bd00c5]
/opt/Xilinx/Vivado/2017.3/lib/lnx64.o/libhls_main.so(+0x1286c0) [0x7f5b66bc66c0]
/opt/Xilinx/Vivado/2017.3/lib/lnx64.o/libhls_support.so(xpcl::TclCommand::callback(int, Tcl_Obj* const*)+0xbde) [0x7f5b66857e2e]
/opt/Xilinx/Vivado/2017.3/lib/lnx64.o/libhls_support.so(+0x6cf12) [0x7f5b66858f12]
/opt/Xilinx/Vivado/2017.3/lib/lnx64.o/libtcl8.5.so(+0x334af) [0x7f5b72bce4af]
/opt/Xilinx/Vivado/2017.3/lib/lnx64.o/libtcl8.5.so(+0x76875) [0x7f5b72c11875]
/opt/Xilinx/Vivado/2017.3/lib/lnx64.o/libtcl8.5.so(TclObjInterpProcCore+0x420) [0x7f5b72c52df0]
/opt/Xilinx/Vivado/2017.3/lib/lnx64.o/libtcl8.5.so(+0x334af) [0x7f5b72bce4af]
/opt/Xilinx/Vivado/2017.3/lib/lnx64.o/libtcl8.5.so(+0x76875) [0x7f5b72c11875]
/opt/Xilinx/Vivado/2017.3/lib/lnx64.o/libtcl8.5.so(+0x7e029) [0x7f5b72c19029]
/opt/Xilinx/Vivado/2017.3/lib/lnx64.o/libtcl8.5.so(TclEvalObjEx+0x76) [0x7f5b72bd0156]
/opt/Xilinx/Vivado/2017.3/lib/lnx64.o/librdi_commontasks.so(+0x1b2297) [0x7f5b6d6b2297]
/opt/Xilinx/Vivado/2017.3/lib/lnx64.o/libtcl8.5.so(+0x334af) [0x7f5b72bce4af]
/opt/Xilinx/Vivado/2017.3/lib/lnx64.o/libtcl8.5.so(+0x34b38) [0x7f5b72bcfb38]
/opt/Xilinx/Vivado/2017.3/lib/lnx64.o/libtcl8.5.so(+0xad486) [0x7f5b72c48486]
/opt/Xilinx/Vivado/2017.3/lib/lnx64.o/libtcl8.5.so(+0x346c5) [0x7f5b72bcf6c5]
/opt/Xilinx/Vivado/2017.3/lib/lnx64.o/libtcl8.5.so(Tcl_EvalEx+0x13) [0x7f5b72bd00a3]
/opt/Xilinx/Vivado/2017.3/lib/lnx64.o/libtcl8.5.so(Tcl_Eval+0x15) [0x7f5b72bd00c5]
/opt/Xilinx/Vivado/2017.3/lib/lnx64.o/libhls_main.so(+0x1286c0) [0x7f5b66bc66c0]
/opt/Xilinx/Vivado/2017.3/lib/lnx64.o/libhls_support.so(xpcl::TclCommand::callback(int, Tcl_Obj* const*)+0xbde) [0x7f5b66857e2e]
/opt/Xilinx/Vivado/2017.3/lib/lnx64.o/libhls_support.so(+0x6cf12) [0x7f5b66858f12]
/opt/Xilinx/Vivado/2017.3/lib/lnx64.o/libtcl8.5.so(+0x334af) [0x7f5b72bce4af]
/opt/Xilinx/Vivado/2017.3/lib/lnx64.o/libtcl8.5.so(+0x76875) [0x7f5b72c11875]
/opt/Xilinx/Vivado/2017.3/lib/lnx64.o/libtcl8.5.so(TclObjInterpProcCore+0x420) [0x7f5b72c52df0]
/opt/Xilinx/Vivado/2017.3/lib/lnx64.o/libtcl8.5.so(+0x334af) [0x7f5b72bce4af]
/opt/Xilinx/Vivado/2017.3/lib/lnx64.o/libtcl8.5.so(+0x76875) [0x7f5b72c11875]
/opt/Xilinx/Vivado/2017.3/lib/lnx64.o/libtcl8.5.so(+0x7e029) [0x7f5b72c19029]
/opt/Xilinx/Vivado/2017.3/lib/lnx64.o/libtcl8.5.so(TclEvalObjEx+0x76) [0x7f5b72bd0156]
/opt/Xilinx/Vivado/2017.3/lib/lnx64.o/librdi_commontasks.so(+0x1b2297) [0x7f5b6d6b2297]
/opt/Xilinx/Vivado/2017.3/lib/lnx64.o/libtcl8.5.so(+0x334af) [0x7f5b72bce4af]
/opt/Xilinx/Vivado/2017.3/lib/lnx64.o/libtcl8.5.so(+0x34b38) [0x7f5b72bcfb38]
/opt/Xilinx/Vivado/2017.3/lib/lnx64.o/libtcl8.5.so(+0xad486) [0x7f5b72c48486]
/opt/Xilinx/Vivado/2017.3/lib/lnx64.o/libtcl8.5.so(+0x346c5) [0x7f5b72bcf6c5]
/opt/Xilinx/Vivado/2017.3/lib/lnx64.o/libtcl8.5.so(Tcl_EvalEx+0x13) [0x7f5b72bd00a3]
/opt/Xilinx/Vivado/2017.3/lib/lnx64.o/libtcl8.5.so(Tcl_Eval+0x15) [0x7f5b72bd00c5]
/opt/Xilinx/Vivado/2017.3/lib/lnx64.o/libhls_main.so(+0x1286c0) [0x7f5b66bc66c0]
/opt/Xilinx/Vivado/2017.3/lib/lnx64.o/libhls_support.so(xpcl::TclCommand::callback(int, Tcl_Obj* const*)+0xbde) [0x7f5b66857e2e]
/opt/Xilinx/Vivado/2017.3/lib/lnx64.o/libhls_support.so(+0x6cf12) [0x7f5b66858f12]
/opt/Xilinx/Vivado/2017.3/lib/lnx64.o/libtcl8.5.so(+0x334af) [0x7f5b72bce4af]
/opt/Xilinx/Vivado/2017.3/lib/lnx64.o/libtcl8.5.so(+0x34b38) [0x7f5b72bcfb38]
/opt/Xilinx/Vivado/2017.3/lib/lnx64.o/libtcl8.5.so(Tcl_EvalEx+0x13) [0x7f5b72bd00a3]
/opt/Xilinx/Vivado/2017.3/lib/lnx64.o/libtcl8.5.so(Tcl_FSEvalFileEx+0x1da) [0x7f5b72c34c5a]
/opt/Xilinx/Vivado/2017.3/lib/lnx64.o/libhls_main.so(ApSourceTclFile(std::__cxx11::basic_string<char, std::char_traits<char>, std::allocator<char> > const&, char const*)+0x77) [0x7f5b66bc1aa7]
/opt/Xilinx/Vivado/2017.3/lib/lnx64.o/libhls_main.so(+0x1281a9) [0x7f5b66bc61a9]
/opt/Xilinx/Vivado/2017.3/lib/lnx64.o/libhls_support.so(xpcl::TclCommand::callback(int, Tcl_Obj* const*)+0xbde) [0x7f5b66857e2e]
/opt/Xilinx/Vivado/2017.3/lib/lnx64.o/libhls_support.so(+0x6cf12) [0x7f5b66858f12]
/opt/Xilinx/Vivado/2017.3/lib/lnx64.o/libtcl8.5.so(+0x334af) [0x7f5b72bce4af]
/opt/Xilinx/Vivado/2017.3/lib/lnx64.o/libtcl8.5.so(Tcl_EvalObjv+0x32) [0x7f5b72bce5e2]
/opt/Xilinx/Vivado/2017.3/lib/lnx64.o/libtcl8.5.so(TclEvalObjEx+0x322) [0x7f5b72bd0402]
/opt/Xilinx/Vivado/2017.3/lib/lnx64.o/librdi_hlstasks.so(+0x8fe9) [0x7f5b6c0cdfe9]
/opt/Xilinx/Vivado/2017.3/lib/lnx64.o/librdi_common.so(+0x7449b2) [0x7f5b782de9b2]
/opt/Xilinx/Vivado/2017.3/lib/lnx64.o/libtcl8.5.so(+0x334af) [0x7f5b72bce4af]
/opt/Xilinx/Vivado/2017.3/lib/lnx64.o/libtcl8.5.so(+0x34b38) [0x7f5b72bcfb38]
/opt/Xilinx/Vivado/2017.3/lib/lnx64.o/libtcl8.5.so(Tcl_EvalEx+0x13) [0x7f5b72bd00a3]
/opt/Xilinx/Vivado/2017.3/lib/lnx64.o/libtcl8.5.so(TclEvalObjEx+0x3cf) [0x7f5b72bd04af]
/opt/Xilinx/Vivado/2017.3/lib/lnx64.o/libtcl8.5.so(+0xb74a9) [0x7f5b72c524a9]
/opt/Xilinx/Vivado/2017.3/lib/lnx64.o/libtcl8.5.so(+0x334af) [0x7f5b72bce4af]
/opt/Xilinx/Vivado/2017.3/lib/lnx64.o/libtcl8.5.so(+0x76875) [0x7f5b72c11875]
/opt/Xilinx/Vivado/2017.3/lib/lnx64.o/libtcl8.5.so(TclObjInterpProcCore+0x420) [0x7f5b72c52df0]
/opt/Xilinx/Vivado/2017.3/lib/lnx64.o/libtcl8.5.so(+0x334af) [0x7f5b72bce4af]
/opt/Xilinx/Vivado/2017.3/lib/lnx64.o/libtcl8.5.so(+0x76875) [0x7f5b72c11875]
/opt/Xilinx/Vivado/2017.3/lib/lnx64.o/libtcl8.5.so(+0x7e029) [0x7f5b72c19029]
/opt/Xilinx/Vivado/2017.3/lib/lnx64.o/libtcl8.5.so(TclEvalObjEx+0x76) [0x7f5b72bd0156]
/opt/Xilinx/Vivado/2017.3/lib/lnx64.o/librdi_commontasks.so(+0x1b2334) [0x7f5b6d6b2334]
/opt/Xilinx/Vivado/2017.3/lib/lnx64.o/libtcl8.5.so(+0x334af) [0x7f5b72bce4af]
/opt/Xilinx/Vivado/2017.3/lib/lnx64.o/libtcl8.5.so(+0x34b38) [0x7f5b72bcfb38]
/opt/Xilinx/Vivado/2017.3/lib/lnx64.o/libtcl8.5.so(+0xad486) [0x7f5b72c48486]
/opt/Xilinx/Vivado/2017.3/lib/lnx64.o/libtcl8.5.so(+0x346c5) [0x7f5b72bcf6c5]
/opt/Xilinx/Vivado/2017.3/lib/lnx64.o/libtcl8.5.so(Tcl_EvalEx+0x13) [0x7f5b72bd00a3]
/opt/Xilinx/Vivado/2017.3/lib/lnx64.o/libtcl8.5.so(Tcl_FSEvalFileEx+0x1da) [0x7f5b72c34c5a]
/opt/Xilinx/Vivado/2017.3/lib/lnx64.o/librdi_commontasks.so(+0x1cf4cd) [0x7f5b6d6cf4cd]
/opt/Xilinx/Vivado/2017.3/lib/lnx64.o/librdi_common.so(+0x7449b2) [0x7f5b782de9b2]
/opt/Xilinx/Vivado/2017.3/lib/lnx64.o/libtcl8.5.so(+0x334af) [0x7f5b72bce4af]
/opt/Xilinx/Vivado/2017.3/lib/lnx64.o/libtcl8.5.so(Tcl_EvalObjv+0x32) [0x7f5b72bce5e2]
/opt/Xilinx/Vivado/2017.3/lib/lnx64.o/libtcl8.5.so(TclEvalObjEx+0x322) [0x7f5b72bd0402]
/opt/Xilinx/Vivado/2017.3/lib/lnx64.o/librdi_commontasks.so(+0x200aef) [0x7f5b6d700aef]
/opt/Xilinx/Vivado/2017.3/lib/lnx64.o/librdi_commontasks.so(+0x2021be) [0x7f5b6d7021be]
/opt/Xilinx/Vivado/2017.3/lib/lnx64.o/librdi_common.so(+0x7449b2) [0x7f5b782de9b2]
/opt/Xilinx/Vivado/2017.3/lib/lnx64.o/libtcl8.5.so(+0x334af) [0x7f5b72bce4af]
/opt/Xilinx/Vivado/2017.3/lib/lnx64.o/libtcl8.5.so(Tcl_EvalObjv+0x32) [0x7f5b72bce5e2]
/opt/Xilinx/Vivado/2017.3/lib/lnx64.o/libtcl8.5.so(TclEvalObjEx+0x322) [0x7f5b72bd0402]
/opt/Xilinx/Vivado/2017.3/lib/lnx64.o/librdi_commonmain.so(+0x7414) [0x7f5b77996414]
/opt/Xilinx/Vivado/2017.3/lib/lnx64.o/libtcl8.5.so(Tcl_Main+0x1d0) [0x7f5b72c3b210]
/opt/Xilinx/Vivado/2017.3/lib/lnx64.o/librdi_common.so(+0x7877ab) [0x7f5b783217ab]
/lib/x86_64-linux-gnu/libpthread.so.0(+0x76ba) [0x7f5b70bf06ba]
/lib/x86_64-linux-gnu/libc.so.6(clone+0x6d) [0x7f5b771363dd]
