INFO: [HLS 200-0] Workspace /media/toni/Data/digilent_contest/open_hardware_AHRS_coprocessor/MadgwickAHRS_original/madgwick_algorithm_C++/MadgwickAHRSoriginal/solution1 opened at Sat Dec 16 22:04:42 WIB 2017
Execute     config_clock -quiet -name default -period 10 -default=false 
INFO: [SYN 201-201] Setting up clock 'default' with a period of 10ns.
Command     config_clock returned 0; 0 sec.
Execute     open_platform DefaultPlatform 
Command     open_platform returned 0; 0 sec.
Execute     import_lib /opt/Xilinx/Vivado/2017.3/common/technology/xilinx/zynq/zynq 
Execute       source /opt/Xilinx/Vivado/2017.3/common/technology/xilinx/common/xilinx.lib 
Execute         source /opt/Xilinx/Vivado/2017.3/common/technology/xilinx/interface/xilinx_interface.lib 
Execute           source /opt/Xilinx/Vivado/2017.3/common/technology/xilinx/interface/plb46.lib 
Command           ap_source returned 0; 0 sec.
Execute           source /opt/Xilinx/Vivado/2017.3/common/technology/xilinx/interface/fsl.lib 
Command           ap_source returned 0; 0 sec.
Execute           source /opt/Xilinx/Vivado/2017.3/common/technology/xilinx/interface/axi4.lib 
Command           ap_source returned 0; 0 sec.
Execute           source /opt/Xilinx/Vivado/2017.3/common/technology/xilinx/interface/maxi.lib 
Command           ap_source returned 0; 0.01 sec.
Execute           source /opt/Xilinx/Vivado/2017.3/common/technology/xilinx/interface/saxilite.lib 
Command           ap_source returned 0; 0 sec.
Command         ap_source returned 0; 0.01 sec.
Execute         source /opt/Xilinx/Vivado/2017.3/common/technology/xilinx/common/dsp48.lib 
Command         ap_source returned 0; 0 sec.
Execute         source /opt/Xilinx/Vivado/2017.3/common/technology/xilinx/ip/dds_compiler.lib 
Command         ap_source returned 0; 0 sec.
Execute         source /opt/Xilinx/Vivado/2017.3/common/technology/xilinx/ip/xfir.lib 
Command         ap_source returned 0; 0 sec.
Execute         source /opt/Xilinx/Vivado/2017.3/common/technology/xilinx/ip/xfft.lib 
Command         ap_source returned 0; 0 sec.
Command       ap_source returned 0; 0.02 sec.
Execute       source /opt/Xilinx/Vivado/2017.3/common/technology/xilinx/common/xilinx_old.lib 
Command       ap_source returned 0; 0 sec.
Execute       source /opt/Xilinx/Vivado/2017.3/common/technology/xilinx/common/xilinx_vivado.lib 
Command       ap_source returned 0; 0 sec.
Execute       source /opt/Xilinx/Vivado/2017.3/common/technology/xilinx/common/xilinx.hlp 
Execute         source /opt/Xilinx/Vivado/2017.3/common/technology/xilinx/common/target_info.tcl 
Command         ap_source returned 0; 0 sec.
Execute         source /opt/Xilinx/Vivado/2017.3/common/technology/xilinx/interface/xilinx_interface.hlp 
Execute           source /opt/Xilinx/Vivado/2017.3/common/technology/xilinx/interface/maxi.hlp 
Command           ap_source returned 0; 0 sec.
Execute           source /opt/Xilinx/Vivado/2017.3/common/technology/xilinx/interface/saxilite.hlp 
Command           ap_source returned 0; 0 sec.
Command         ap_source returned 0; 0 sec.
Execute         source /opt/Xilinx/Vivado/2017.3/common/technology/xilinx/common/dsp48.hlp 
Command         ap_source returned 0; 0 sec.
Command       ap_source returned 0; 0 sec.
Execute       source /opt/Xilinx/Vivado/2017.3/common/technology/xilinx/zynq/dsp48e1.hlp 
Command       ap_source returned 0; 0 sec.
Execute       get_default_platform 
Command       get_default_platform returned 0; 0 sec.
Execute       config_chip_info -quiet -resource  {SLICE 13300}  {LUT 53200}     {FF 106400} {DSP48E 220}   {BRAM 280}  
Command       config_chip_info returned 0; 0 sec.
Execute       config_chip_info -quiet -speed medium 
Command       config_chip_info returned 0; 0 sec.
Execute       source /opt/Xilinx/Vivado/2017.3/common/technology/xilinx/common/xilinx.hlp 
Execute         source /opt/Xilinx/Vivado/2017.3/common/technology/xilinx/common/target_info.tcl 
Command         ap_source returned 0; 0 sec.
Execute         source /opt/Xilinx/Vivado/2017.3/common/technology/xilinx/interface/xilinx_interface.hlp 
Execute           source /opt/Xilinx/Vivado/2017.3/common/technology/xilinx/interface/maxi.hlp 
Command           ap_source returned 0; 0 sec.
Execute           source /opt/Xilinx/Vivado/2017.3/common/technology/xilinx/interface/saxilite.hlp 
Command           ap_source returned 0; 0 sec.
Command         ap_source returned 0; 0 sec.
Execute         source /opt/Xilinx/Vivado/2017.3/common/technology/xilinx/common/dsp48.hlp 
Command         ap_source returned 0; 0 sec.
Command       ap_source returned 0; 0 sec.
Command     import_lib returned 0; 0.04 sec.
Execute     source /opt/Xilinx/Vivado/2017.3/common/technology/xilinx/zynq/zynq.gen 
Execute       source /opt/Xilinx/Vivado/2017.3/common/technology/xilinx/common/virtex.gen 
Execute         source /opt/Xilinx/Vivado/2017.3/common/technology/xilinx/common/xilinx.gen 
Execute           source /opt/Xilinx/Vivado/2017.3/common/technology/xilinx/interface/plb46.gen 
Command           ap_source returned 0; 0.01 sec.
Execute           source /opt/Xilinx/Vivado/2017.3/common/technology/xilinx/interface/fsl.gen 
Command           ap_source returned 0; 0 sec.
Execute           source /opt/Xilinx/Vivado/2017.3/common/technology/xilinx/interface/axi4.gen 
Command           ap_source returned 0; 0 sec.
Execute           source /opt/Xilinx/Vivado/2017.3/common/technology/xilinx/interface/nativeAXI4.gen 
Execute             source /opt/Xilinx/Vivado/2017.3/common/technology/xilinx/interface/saxilite.gen 
Command             ap_source returned 0; 0.01 sec.
Execute             source /opt/Xilinx/Vivado/2017.3/common/technology/xilinx/interface/maxi.gen 
Command             ap_source returned 0; 0.01 sec.
Command           ap_source returned 0; 0.02 sec.
Execute           source /opt/Xilinx/Vivado/2017.3/common/technology/xilinx/scripts/xilinxcoregen.gen 
Command           ap_source returned 0; 0.02 sec.
Execute           source /opt/Xilinx/Vivado/2017.3/common/technology/xilinx/interface/XilEDKCoreGen.gen 
Command           ap_source returned 0; 0.01 sec.
Execute           source /opt/Xilinx/Vivado/2017.3/common/technology/xilinx/ip/dds_compiler.gen 
Command           ap_source returned 0; 0.01 sec.
Execute           source /opt/Xilinx/Vivado/2017.3/common/technology/xilinx/ip/xfir.gen 
Command           ap_source returned 0; 0 sec.
Execute           source /opt/Xilinx/Vivado/2017.3/common/technology/xilinx/ip/util.gen 
Command           ap_source returned 0; 0 sec.
Execute           source /opt/Xilinx/Vivado/2017.3/common/technology/xilinx/ip/xfft.gen 
Command           ap_source returned 0; 0.17 sec.
Command         ap_source returned 0; 0.24 sec.
Execute         source /opt/Xilinx/Vivado/2017.3/common/technology/xilinx/common/dsp48.gen 
Command         ap_source returned 0; 0 sec.
Command       ap_source returned 0; 0.24 sec.
Command     ap_source returned 0; 0.24 sec.
Execute     open_platform DefaultPlatform 
Command     open_platform returned 0; 0 sec.
Execute     import_lib /opt/Xilinx/Vivado/2017.3/common/technology/xilinx/zynq/zynq_fpv6 
Execute       source /opt/Xilinx/Vivado/2017.3/common/technology/xilinx/common/xilinx_fpv7.lib 
Execute         source /opt/Xilinx/Vivado/2017.3/common/technology/xilinx/common/xilinx_hp.lib 
Command         ap_source returned 0; 0.01 sec.
Command       ap_source returned 0; 0.02 sec.
Execute       source /opt/Xilinx/Vivado/2017.3/common/technology/xilinx/common/xilinx_fpv.hlp 
Execute         source /opt/Xilinx/Vivado/2017.3/common/technology/xilinx/common/xilinx.hlp 
Execute           source /opt/Xilinx/Vivado/2017.3/common/technology/xilinx/common/target_info.tcl 
Command           ap_source returned 0; 0 sec.
Execute           source /opt/Xilinx/Vivado/2017.3/common/technology/xilinx/interface/xilinx_interface.hlp 
Execute             source /opt/Xilinx/Vivado/2017.3/common/technology/xilinx/interface/maxi.hlp 
Command             ap_source returned 0; 0 sec.
Execute             source /opt/Xilinx/Vivado/2017.3/common/technology/xilinx/interface/saxilite.hlp 
Command             ap_source returned 0; 0 sec.
Command           ap_source returned 0; 0 sec.
Execute           source /opt/Xilinx/Vivado/2017.3/common/technology/xilinx/common/dsp48.hlp 
Command           ap_source returned 0; 0.01 sec.
Command         ap_source returned 0; 0.01 sec.
Command       ap_source returned 0; 0.01 sec.
Execute       source /opt/Xilinx/Vivado/2017.3/common/technology/xilinx/zynq/zynq_hp.hlp 
Command       ap_source returned 0; 0 sec.
Command     import_lib returned 0; 0.05 sec.
Execute     source /opt/Xilinx/Vivado/2017.3/common/technology/xilinx/zynq/zynq_fpv6.gen 
Execute       source /opt/Xilinx/Vivado/2017.3/common/technology/xilinx/common/xilinx_fpv6.gen 
Command       ap_source returned 0; 0 sec.
Command     ap_source returned 0; 0 sec.
Execute     set_part xc7z020clg400-1 
Execute       add_library xilinx/zynq/zynq:xc7z020:clg400:-1 
Execute         get_default_platform 
Command         get_default_platform returned 0; 0 sec.
Execute         license_isbetapart xc7z020 
Command         license_isbetapart returned 1; 0.02 sec.
Execute         get_default_platform 
Command         get_default_platform returned 0; 0 sec.
Execute         config_chip_info -quiet -resource  {SLICE 13300}  {LUT 53200}     {FF 106400} {DSP48E 220}   {BRAM 280}  
Command         config_chip_info returned 0; 0 sec.
Execute         config_chip_info -quiet -speed slow 
Command         config_chip_info returned 0; 0 sec.
Command       add_library returned 0; 0.04 sec.
Execute       add_library xilinx/zynq/zynq_fpv6 
Execute         get_default_platform 
Command         get_default_platform returned 0; 0 sec.
Command       add_library returned 0; 0.01 sec.
INFO: [HLS 200-10] Setting target device to 'xc7z020clg400-1'
Execute       get_default_platform 
Command       get_default_platform returned 0; 0 sec.
Command     set_part returned 0; 0.13 sec.
Execute     get_default_platform 
Command     get_default_platform returned 0; 0 sec.
Execute     config_chip_info -quiet -resource  {SLICE 13300}  {LUT 53200}     {FF 106400} {DSP48E 220}   {BRAM 280}  
Command     config_chip_info returned 0; 0 sec.
Execute     config_chip_info -quiet -speed slow 
Command     config_chip_info returned 0; 0 sec.
Command   open_solution returned 0; 0.51 sec.
Execute   csim_design -compiler gcc -quiet 
INFO: [SIM 211-2] *************** CSIM start ***************
INFO: [SIM 211-4] CSIM will launch GCC as the compiler.
Execute     source csim/.lst_opt.tcl 
Command     ap_source returned 0; 0 sec.
Execute     is_encrypted /media/toni/Data/digilent_contest/open_hardware_AHRS_coprocessor/MadgwickAHRS_original/madgwick_algorithm_C++/MadgwickAHRS_testbench1.cpp 
Command     is_encrypted returned 0; 0 sec.
Execute     is_xip /media/toni/Data/digilent_contest/open_hardware_AHRS_coprocessor/MadgwickAHRS_original/madgwick_algorithm_C++/MadgwickAHRS_testbench1.cpp 
Command     is_xip returned 0; 0 sec.
Execute     is_encrypted /media/toni/Data/digilent_contest/open_hardware_AHRS_coprocessor/MadgwickAHRS_original/madgwick_algorithm_C++/MadgwickAHRS.cpp 
Command     is_encrypted returned 0; 0 sec.
Execute     is_xip /media/toni/Data/digilent_contest/open_hardware_AHRS_coprocessor/MadgwickAHRS_original/madgwick_algorithm_C++/MadgwickAHRS.cpp 
Command     is_xip returned 0; 0 sec.
Execute     is_encrypted /media/toni/Data/digilent_contest/open_hardware_AHRS_coprocessor/MadgwickAHRS_original/madgwick_algorithm_C++/MadgwickAHRS.h 
Command     is_encrypted returned 0; 0 sec.
Execute     is_xip /media/toni/Data/digilent_contest/open_hardware_AHRS_coprocessor/MadgwickAHRS_original/madgwick_algorithm_C++/MadgwickAHRS.h 
Command     is_xip returned 0; 0 sec.
Execute     is_encrypted /media/toni/Data/digilent_contest/open_hardware_AHRS_coprocessor/MadgwickAHRS_original/madgwick_algorithm_C++/csv.cpp 
Command     is_encrypted returned 0; 0 sec.
Execute     is_xip /media/toni/Data/digilent_contest/open_hardware_AHRS_coprocessor/MadgwickAHRS_original/madgwick_algorithm_C++/csv.cpp 
Command     is_xip returned 0; 0 sec.
Execute     is_encrypted /media/toni/Data/digilent_contest/open_hardware_AHRS_coprocessor/MadgwickAHRS_original/madgwick_algorithm_C++/csv.h 
Command     is_encrypted returned 0; 0 sec.
Execute     is_xip /media/toni/Data/digilent_contest/open_hardware_AHRS_coprocessor/MadgwickAHRS_original/madgwick_algorithm_C++/csv.h 
Command     is_xip returned 0; 0 sec.
Execute     get_default_platform 
Command     get_default_platform returned 0; 0 sec.
Execute     source run_sim.tcl 
Command     ap_source returned 0; 0.18 sec.
INFO: [SIM 211-1] CSim done with 0 errors.
INFO: [SIM 211-3] *************** CSIM finish ***************
Command   csim_design returned 0; 1.13 sec.
Command ap_source returned 0; 1.65 sec.
Execute cleanup_all 
Command cleanup_all returned 0; 0 sec.
